mode: set
github.com/number571/hidden-lake/examples/encryptor/client_hle/main.go:21.13,24.23 2 0
github.com/number571/hidden-lake/examples/encryptor/client_hle/main.go:24.23,25.29 1 0
github.com/number571/hidden-lake/examples/encryptor/client_hle/main.go:28.2,41.20 3 0
github.com/number571/hidden-lake/examples/encryptor/client_hle/main.go:42.22,44.17 2 0
github.com/number571/hidden-lake/examples/encryptor/client_hle/main.go:44.17,45.14 1 0
github.com/number571/hidden-lake/examples/encryptor/client_hle/main.go:48.3,54.17 3 0
github.com/number571/hidden-lake/examples/encryptor/client_hle/main.go:54.17,55.14 1 0
github.com/number571/hidden-lake/examples/encryptor/client_hle/main.go:58.3,58.33 1 0
github.com/number571/hidden-lake/examples/encryptor/client_hle/main.go:59.22,61.17 2 0
github.com/number571/hidden-lake/examples/encryptor/client_hle/main.go:61.17,62.14 1 0
github.com/number571/hidden-lake/examples/encryptor/client_hle/main.go:65.3,66.17 2 0
github.com/number571/hidden-lake/examples/encryptor/client_hle/main.go:66.17,67.14 1 0
github.com/number571/hidden-lake/examples/encryptor/client_hle/main.go:70.3,70.54 1 0
github.com/number571/hidden-lake/examples/encryptor/client_hle/main.go:70.54,71.31 1 0
github.com/number571/hidden-lake/examples/encryptor/client_hle/main.go:74.3,74.38 1 0
github.com/number571/hidden-lake/examples/encryptor/client_hle/main.go:75.10,76.24 1 0
github.com/number571/hidden-lake/examples/traffic_actions/keeper/client_hlt/main.go:28.13,44.16 5 0
github.com/number571/hidden-lake/examples/traffic_actions/keeper/client_hlt/main.go:44.16,45.13 1 0
github.com/number571/hidden-lake/examples/traffic_actions/keeper/client_hlt/main.go:48.2,51.22 3 0
github.com/number571/hidden-lake/examples/traffic_actions/keeper/client_hlt/main.go:51.22,52.27 1 0
github.com/number571/hidden-lake/examples/traffic_actions/keeper/client_hlt/main.go:55.2,58.23 3 0
github.com/number571/hidden-lake/examples/traffic_actions/keeper/client_hlt/main.go:58.23,61.21 3 0
github.com/number571/hidden-lake/examples/traffic_actions/keeper/client_hlt/main.go:61.21,62.28 1 0
github.com/number571/hidden-lake/examples/traffic_actions/keeper/client_hlt/main.go:66.2,75.17 2 0
github.com/number571/hidden-lake/examples/traffic_actions/keeper/client_hlt/main.go:76.20,77.21 1 0
github.com/number571/hidden-lake/examples/traffic_actions/keeper/client_hlt/main.go:77.21,78.32 1 0
github.com/number571/hidden-lake/examples/traffic_actions/keeper/client_hlt/main.go:81.3,85.17 2 0
github.com/number571/hidden-lake/examples/traffic_actions/keeper/client_hlt/main.go:85.17,86.14 1 0
github.com/number571/hidden-lake/examples/traffic_actions/keeper/client_hlt/main.go:89.3,94.59 2 0
github.com/number571/hidden-lake/examples/traffic_actions/keeper/client_hlt/main.go:94.59,95.14 1 0
github.com/number571/hidden-lake/examples/traffic_actions/keeper/client_hlt/main.go:98.3,98.39 1 0
github.com/number571/hidden-lake/examples/traffic_actions/keeper/client_hlt/main.go:99.19,100.21 1 0
github.com/number571/hidden-lake/examples/traffic_actions/keeper/client_hlt/main.go:100.21,101.31 1 0
github.com/number571/hidden-lake/examples/traffic_actions/keeper/client_hlt/main.go:104.3,105.17 2 0
github.com/number571/hidden-lake/examples/traffic_actions/keeper/client_hlt/main.go:105.17,106.14 1 0
github.com/number571/hidden-lake/examples/traffic_actions/keeper/client_hlt/main.go:109.3,109.65 1 0
github.com/number571/hidden-lake/examples/traffic_actions/keeper/client_hlt/main.go:109.65,110.40 1 0
github.com/number571/hidden-lake/examples/traffic_actions/keeper/client_hlt/main.go:113.3,114.17 2 0
github.com/number571/hidden-lake/examples/traffic_actions/keeper/client_hlt/main.go:114.17,115.14 1 0
github.com/number571/hidden-lake/examples/traffic_actions/keeper/client_hlt/main.go:118.3,119.17 2 0
github.com/number571/hidden-lake/examples/traffic_actions/keeper/client_hlt/main.go:119.17,120.26 1 0
github.com/number571/hidden-lake/examples/traffic_actions/keeper/client_hlt/main.go:123.3,123.32 1 0
github.com/number571/hidden-lake/examples/traffic_actions/keeper/client_hlt/main.go:123.32,124.37 1 0
github.com/number571/hidden-lake/examples/traffic_actions/keeper/client_hlt/main.go:127.3,127.81 1 0
github.com/number571/hidden-lake/examples/traffic_actions/keeper/client_hlt/main.go:127.81,128.36 1 0
github.com/number571/hidden-lake/examples/traffic_actions/keeper/client_hlt/main.go:131.3,131.37 1 0
github.com/number571/hidden-lake/examples/traffic_actions/keeper/client_hlt/main.go:132.21,133.29 1 0
github.com/number571/hidden-lake/examples/traffic_actions/keeper/client_hlt/main.go:133.29,135.18 2 0
github.com/number571/hidden-lake/examples/traffic_actions/keeper/client_hlt/main.go:135.18,137.5 1 0
github.com/number571/hidden-lake/examples/traffic_actions/keeper/client_hlt/main.go:138.4,138.38 1 0
github.com/number571/hidden-lake/examples/traffic_actions/keeper/client_hlt/main.go:140.10,141.24 1 0
github.com/number571/hidden-lake/examples/traffic_actions/keeper/prod_test/main.go:38.13,48.16 5 0
github.com/number571/hidden-lake/examples/traffic_actions/keeper/prod_test/main.go:48.16,49.13 1 0
github.com/number571/hidden-lake/examples/traffic_actions/keeper/prod_test/main.go:52.2,55.36 3 0
github.com/number571/hidden-lake/examples/traffic_actions/keeper/prod_test/main.go:55.36,76.17 4 0
github.com/number571/hidden-lake/examples/traffic_actions/keeper/prod_test/main.go:76.17,78.12 2 0
github.com/number571/hidden-lake/examples/traffic_actions/keeper/prod_test/main.go:81.3,87.59 3 0
github.com/number571/hidden-lake/examples/traffic_actions/keeper/prod_test/main.go:87.59,89.12 2 0
github.com/number571/hidden-lake/examples/traffic_actions/keeper/prod_test/main.go:92.3,93.17 2 0
github.com/number571/hidden-lake/examples/traffic_actions/keeper/prod_test/main.go:93.17,95.12 2 0
github.com/number571/hidden-lake/examples/traffic_actions/keeper/prod_test/main.go:97.3,99.58 2 0
github.com/number571/hidden-lake/examples/traffic_actions/keeper/prod_test/main.go:99.58,101.12 2 0
github.com/number571/hidden-lake/examples/traffic_actions/keeper/prod_test/main.go:104.3,104.105 1 0
github.com/number571/hidden-lake/examples/traffic_actions/loader/client_hll/main.go:44.13,46.16 2 0
github.com/number571/hidden-lake/examples/traffic_actions/loader/client_hll/main.go:46.16,47.13 1 0
github.com/number571/hidden-lake/examples/traffic_actions/loader/client_hll/main.go:49.2,49.58 1 0
github.com/number571/hidden-lake/examples/traffic_actions/loader/client_hll/main.go:52.13,66.71 4 0
github.com/number571/hidden-lake/examples/traffic_actions/loader/client_hll/main.go:66.71,67.13 1 0
github.com/number571/hidden-lake/examples/traffic_actions/loader/client_hll/main.go:70.2,77.51 2 0
github.com/number571/hidden-lake/examples/traffic_actions/loader/client_hll/main.go:77.51,78.13 1 0
github.com/number571/hidden-lake/examples/traffic_actions/loader/client_hll/main.go:81.2,83.86 2 0
github.com/number571/hidden-lake/examples/traffic_actions/loader/client_hll/main.go:83.86,84.13 1 0
github.com/number571/hidden-lake/examples/traffic_actions/loader/client_hll/main.go:87.2,87.60 1 0
github.com/number571/hidden-lake/examples/traffic_actions/loader/client_hll/main.go:90.124,102.36 3 0
github.com/number571/hidden-lake/examples/traffic_actions/loader/client_hll/main.go:102.36,107.17 2 0
github.com/number571/hidden-lake/examples/traffic_actions/loader/client_hll/main.go:107.17,109.4 1 0
github.com/number571/hidden-lake/examples/traffic_actions/loader/client_hll/main.go:111.3,115.59 2 0
github.com/number571/hidden-lake/examples/traffic_actions/loader/client_hll/main.go:115.59,117.4 1 0
github.com/number571/hidden-lake/examples/traffic_actions/loader/client_hll/main.go:119.3,119.56 1 0
github.com/number571/hidden-lake/examples/traffic_actions/loader/client_hll/main.go:122.2,122.12 1 0
github.com/number571/hidden-lake/examples/traffic_actions/loader/client_hll/main.go:125.116,138.28 4 0
github.com/number571/hidden-lake/examples/traffic_actions/loader/client_hll/main.go:138.28,140.17 2 0
github.com/number571/hidden-lake/examples/traffic_actions/loader/client_hll/main.go:140.17,141.9 1 0
github.com/number571/hidden-lake/examples/traffic_actions/loader/client_hll/main.go:143.3,143.32 1 0
github.com/number571/hidden-lake/examples/traffic_actions/loader/client_hll/main.go:146.2,146.34 1 0
github.com/number571/hidden-lake/examples/traffic_actions/loader/client_hll/main.go:146.34,147.31 1 0
github.com/number571/hidden-lake/examples/traffic_actions/loader/client_hll/main.go:147.31,149.4 1 0
github.com/number571/hidden-lake/examples/traffic_actions/loader/client_hll/main.go:152.2,152.27 1 0
github.com/number571/hidden-lake/examples/traffic_actions/loader/client_hll/main.go:152.27,154.17 2 0
github.com/number571/hidden-lake/examples/traffic_actions/loader/client_hll/main.go:154.17,156.4 1 0
github.com/number571/hidden-lake/examples/traffic_actions/loader/client_hll/main.go:158.3,158.65 1 0
github.com/number571/hidden-lake/examples/traffic_actions/loader/client_hll/main.go:158.65,160.4 1 0
github.com/number571/hidden-lake/examples/traffic_actions/loader/client_hll/main.go:162.3,163.17 2 0
github.com/number571/hidden-lake/examples/traffic_actions/loader/client_hll/main.go:163.17,165.4 1 0
github.com/number571/hidden-lake/examples/traffic_actions/loader/client_hll/main.go:167.3,167.81 1 0
github.com/number571/hidden-lake/examples/traffic_actions/loader/client_hll/main.go:167.81,169.4 1 0
github.com/number571/hidden-lake/examples/traffic_actions/loader/client_hll/main.go:171.3,172.35 2 0
github.com/number571/hidden-lake/examples/traffic_actions/loader/client_hll/main.go:172.35,174.4 1 0
github.com/number571/hidden-lake/examples/traffic_actions/loader/client_hll/main.go:176.3,176.47 1 0
github.com/number571/hidden-lake/examples/traffic_actions/loader/client_hll/main.go:176.47,178.4 1 0
github.com/number571/hidden-lake/examples/traffic_actions/loader/client_hll/main.go:181.2,181.12 1 0
github.com/number571/hidden-lake/examples/traffic_actions/loader/client_hll/main.go:183.57,185.31 2 0
github.com/number571/hidden-lake/examples/traffic_actions/loader/client_hll/main.go:185.31,186.19 1 0
github.com/number571/hidden-lake/examples/traffic_actions/loader/client_hll/main.go:186.19,188.4 1 0
github.com/number571/hidden-lake/examples/traffic_actions/loader/client_hll/main.go:190.2,190.14 1 0
github.com/number571/hidden-lake/internal/api/errors.go:11.38,13.2 1 0
github.com/number571/hidden-lake/internal/api/request.go:19.19,25.27 2 0
github.com/number571/hidden-lake/internal/api/request.go:26.14,28.15 2 0
github.com/number571/hidden-lake/internal/api/request.go:29.14,31.23 2 0
github.com/number571/hidden-lake/internal/api/request.go:32.10,34.39 2 0
github.com/number571/hidden-lake/internal/api/request.go:37.2,43.16 2 0
github.com/number571/hidden-lake/internal/api/request.go:43.16,45.3 1 0
github.com/number571/hidden-lake/internal/api/request.go:47.2,50.16 3 0
github.com/number571/hidden-lake/internal/api/request.go:50.16,52.3 1 0
github.com/number571/hidden-lake/internal/api/request.go:53.2,56.16 3 0
github.com/number571/hidden-lake/internal/api/request.go:56.16,58.3 1 0
github.com/number571/hidden-lake/internal/api/request.go:59.2,59.20 1 0
github.com/number571/hidden-lake/internal/api/request.go:62.75,64.16 2 0
github.com/number571/hidden-lake/internal/api/request.go:64.16,66.3 1 0
github.com/number571/hidden-lake/internal/api/request.go:67.2,67.45 1 0
github.com/number571/hidden-lake/internal/api/request.go:67.45,69.3 1 0
github.com/number571/hidden-lake/internal/api/request.go:70.2,70.18 1 0
github.com/number571/hidden-lake/internal/api/response.go:16.9,22.26 2 0
github.com/number571/hidden-lake/internal/api/response.go:23.14,25.16 2 0
github.com/number571/hidden-lake/internal/api/response.go:26.14,28.24 2 0
github.com/number571/hidden-lake/internal/api/response.go:29.10,31.40 2 0
github.com/number571/hidden-lake/internal/api/response.go:34.2,37.67 3 0
github.com/number571/hidden-lake/internal/api/response.go:37.67,39.3 1 0
github.com/number571/hidden-lake/internal/api/response.go:41.2,41.12 1 0
github.com/number571/hidden-lake/internal/chars/chars.go:5.46,6.23 1 0
github.com/number571/hidden-lake/internal/chars/chars.go:6.23,7.28 1 0
github.com/number571/hidden-lake/internal/chars/chars.go:7.28,9.4 1 0
github.com/number571/hidden-lake/internal/chars/chars.go:11.2,11.14 1 0
github.com/number571/hidden-lake/internal/closer/closer.go:9.47,11.29 2 0
github.com/number571/hidden-lake/internal/closer/closer.go:11.29,12.35 1 0
github.com/number571/hidden-lake/internal/closer/closer.go:12.35,14.4 1 0
github.com/number571/hidden-lake/internal/closer/closer.go:16.2,16.38 1 0
github.com/number571/hidden-lake/internal/flag/flag.go:7.56,8.27 1 0
github.com/number571/hidden-lake/internal/flag/flag.go:8.27,10.22 2 0
github.com/number571/hidden-lake/internal/flag/flag.go:10.22,12.4 1 0
github.com/number571/hidden-lake/internal/flag/flag.go:14.2,14.14 1 0
github.com/number571/hidden-lake/internal/flag/flag.go:17.64,19.27 2 0
github.com/number571/hidden-lake/internal/flag/flag.go:19.27,20.18 1 0
github.com/number571/hidden-lake/internal/flag/flag.go:20.18,22.4 1 0
github.com/number571/hidden-lake/internal/flag/flag.go:23.3,24.40 2 0
github.com/number571/hidden-lake/internal/flag/flag.go:24.40,25.12 1 0
github.com/number571/hidden-lake/internal/flag/flag.go:27.3,28.24 2 0
github.com/number571/hidden-lake/internal/flag/flag.go:28.24,30.12 2 0
github.com/number571/hidden-lake/internal/flag/flag.go:32.3,32.40 1 0
github.com/number571/hidden-lake/internal/flag/flag.go:34.2,34.17 1 0
github.com/number571/hidden-lake/internal/flag/flag.go:34.17,35.47 1 0
github.com/number571/hidden-lake/internal/flag/flag.go:37.2,37.17 1 0
github.com/number571/hidden-lake/internal/initapp/errors.go:11.38,13.2 1 0
github.com/number571/hidden-lake/internal/initapp/privkey.go:10.80,11.53 1 0
github.com/number571/hidden-lake/internal/initapp/privkey.go:11.53,13.83 2 0
github.com/number571/hidden-lake/internal/initapp/privkey.go:13.83,15.4 1 0
github.com/number571/hidden-lake/internal/initapp/privkey.go:16.3,16.22 1 0
github.com/number571/hidden-lake/internal/initapp/privkey.go:18.2,19.16 2 0
github.com/number571/hidden-lake/internal/initapp/privkey.go:19.16,21.3 1 0
github.com/number571/hidden-lake/internal/initapp/privkey.go:22.2,23.20 2 0
github.com/number571/hidden-lake/internal/initapp/privkey.go:23.20,25.3 1 0
github.com/number571/hidden-lake/internal/initapp/privkey.go:26.2,26.35 1 0
github.com/number571/hidden-lake/internal/initapp/privkey.go:26.35,28.3 1 0
github.com/number571/hidden-lake/internal/initapp/privkey.go:29.2,29.21 1 0
github.com/number571/hidden-lake/internal/language/errors.go:11.43,13.2 1 0
github.com/number571/hidden-lake/internal/language/language.go:13.47,14.28 1 0
github.com/number571/hidden-lake/internal/language/language.go:15.21,16.23 1 0
github.com/number571/hidden-lake/internal/language/language.go:17.17,18.23 1 0
github.com/number571/hidden-lake/internal/language/language.go:19.17,20.23 1 0
github.com/number571/hidden-lake/internal/language/language.go:21.10,22.31 1 0
github.com/number571/hidden-lake/internal/language/language.go:26.44,27.15 1 0
github.com/number571/hidden-lake/internal/language/language.go:28.16,29.19 1 0
github.com/number571/hidden-lake/internal/language/language.go:30.16,31.19 1 0
github.com/number571/hidden-lake/internal/language/language.go:32.16,33.19 1 0
github.com/number571/hidden-lake/internal/language/language.go:34.10,35.28 1 0
github.com/number571/hidden-lake/internal/logger/anon/log_func.go:16.35,17.45 1 0
github.com/number571/hidden-lake/internal/logger/anon/log_func.go:17.45,19.10 2 0
github.com/number571/hidden-lake/internal/logger/anon/log_func.go:19.10,20.32 1 0
github.com/number571/hidden-lake/internal/logger/anon/log_func.go:23.3,25.19 3 0
github.com/number571/hidden-lake/internal/logger/anon/log_func.go:25.19,26.33 1 0
github.com/number571/hidden-lake/internal/logger/anon/log_func.go:29.3,30.10 2 0
github.com/number571/hidden-lake/internal/logger/anon/log_func.go:30.10,31.39 1 0
github.com/number571/hidden-lake/internal/logger/anon/log_func.go:34.3,34.39 1 0
github.com/number571/hidden-lake/internal/logger/anon/log_func.go:38.74,40.41 2 0
github.com/number571/hidden-lake/internal/logger/anon/log_func.go:40.41,42.3 1 0
github.com/number571/hidden-lake/internal/logger/anon/log_func.go:44.2,45.43 2 0
github.com/number571/hidden-lake/internal/logger/anon/log_func.go:45.43,47.3 1 0
github.com/number571/hidden-lake/internal/logger/anon/log_func.go:49.2,50.41 2 0
github.com/number571/hidden-lake/internal/logger/anon/log_func.go:50.41,52.3 1 0
github.com/number571/hidden-lake/internal/logger/anon/log_func.go:54.2,63.3 1 0
github.com/number571/hidden-lake/internal/logger/http/log_builder.go:16.67,25.2 3 0
github.com/number571/hidden-lake/internal/logger/http/log_builder.go:27.40,29.2 1 0
github.com/number571/hidden-lake/internal/logger/http/log_builder.go:31.60,34.2 2 0
github.com/number571/hidden-lake/internal/logger/http/log_func.go:13.35,14.45 1 0
github.com/number571/hidden-lake/internal/logger/http/log_func.go:14.45,16.10 2 0
github.com/number571/hidden-lake/internal/logger/http/log_func.go:16.10,17.32 1 0
github.com/number571/hidden-lake/internal/logger/http/log_func.go:20.3,28.4 2 0
github.com/number571/hidden-lake/internal/logger/http/log_getter.go:7.57,11.2 1 0
github.com/number571/hidden-lake/internal/logger/http/log_getter.go:13.42,15.2 1 0
github.com/number571/hidden-lake/internal/logger/http/log_getter.go:17.39,19.2 1 0
github.com/number571/hidden-lake/internal/logger/http/log_getter.go:21.41,23.2 1 0
github.com/number571/hidden-lake/internal/logger/http/log_getter.go:25.39,27.2 1 0
github.com/number571/hidden-lake/internal/logger/http/log_getter.go:29.42,31.2 1 0
github.com/number571/hidden-lake/internal/logger/std/errors.go:11.38,13.2 1 0
github.com/number571/hidden-lake/internal/logger/std/log_func.go:7.35,8.45 1 0
github.com/number571/hidden-lake/internal/logger/std/log_func.go:8.45,10.10 2 0
github.com/number571/hidden-lake/internal/logger/std/log_func.go:10.10,11.32 1 0
github.com/number571/hidden-lake/internal/logger/std/log_func.go:13.3,13.13 1 0
github.com/number571/hidden-lake/internal/logger/std/logging.go:9.55,18.29 3 0
github.com/number571/hidden-lake/internal/logger/std/logging.go:18.29,20.10 2 0
github.com/number571/hidden-lake/internal/logger/std/logging.go:20.10,22.4 1 0
github.com/number571/hidden-lake/internal/logger/std/logging.go:23.3,23.26 1 0
github.com/number571/hidden-lake/internal/logger/std/logging.go:26.2,26.21 1 0
github.com/number571/hidden-lake/internal/logger/std/logging.go:29.34,31.2 1 0
github.com/number571/hidden-lake/internal/logger/std/logging.go:33.34,35.2 1 0
github.com/number571/hidden-lake/internal/logger/std/logging.go:37.34,39.2 1 0
github.com/number571/hidden-lake/internal/logger/std/std_logger.go:9.79,14.2 1 0
github.com/number571/hidden-lake/internal/logger/std/std_logger.go:16.54,18.24 2 0
github.com/number571/hidden-lake/internal/logger/std/std_logger.go:18.24,20.3 1 0
github.com/number571/hidden-lake/internal/logger/std/std_logger.go:21.2,21.24 1 0
github.com/number571/hidden-lake/internal/logger/std/std_logger.go:21.24,23.3 1 0
github.com/number571/hidden-lake/internal/logger/std/std_logger.go:24.2,24.24 1 0
github.com/number571/hidden-lake/internal/logger/std/std_logger.go:24.24,26.3 1 0
github.com/number571/hidden-lake/internal/logger/std/std_logger.go:27.2,27.33 1 0
github.com/number571/hidden-lake/internal/pprof/pprof.go:10.50,26.2 8 0
github.com/number571/hidden-lake/internal/slices/slices.go:3.63,4.30 1 0
github.com/number571/hidden-lake/internal/slices/slices.go:4.30,6.3 1 0
github.com/number571/hidden-lake/internal/slices/slices.go:7.2,7.29 1 0
github.com/number571/hidden-lake/internal/slices/slices.go:10.61,12.27 2 0
github.com/number571/hidden-lake/internal/slices/slices.go:12.27,13.16 1 0
github.com/number571/hidden-lake/internal/slices/slices.go:13.16,14.12 1 0
github.com/number571/hidden-lake/internal/slices/slices.go:16.3,16.29 1 0
github.com/number571/hidden-lake/internal/slices/slices.go:18.2,18.15 1 0
github.com/number571/hidden-lake/internal/slices/slices.go:21.52,22.27 1 0
github.com/number571/hidden-lake/internal/slices/slices.go:22.27,23.16 1 0
github.com/number571/hidden-lake/internal/slices/slices.go:23.16,25.4 1 0
github.com/number571/hidden-lake/internal/slices/slices.go:27.2,27.14 1 0
github.com/number571/hidden-lake/test/utils/testutils.go:9.42,12.26 3 0
github.com/number571/hidden-lake/test/utils/testutils.go:12.26,14.3 1 0
github.com/number571/hidden-lake/test/utils/testutils.go:15.2,15.15 1 0
github.com/number571/hidden-lake/test/utils/testutils.go:18.57,20.25 2 0
github.com/number571/hidden-lake/test/utils/testutils.go:20.25,22.29 2 0
github.com/number571/hidden-lake/test/utils/testutils.go:22.29,24.12 2 0
github.com/number571/hidden-lake/test/utils/testutils.go:26.3,26.13 1 0
github.com/number571/hidden-lake/test/utils/testutils.go:28.2,28.15 1 0
github.com/number571/hidden-lake/examples/encryptor/client_hle/main.go:21.13,24.23 2 0
github.com/number571/hidden-lake/examples/encryptor/client_hle/main.go:24.23,25.29 1 0
github.com/number571/hidden-lake/examples/encryptor/client_hle/main.go:28.2,41.20 3 0
github.com/number571/hidden-lake/examples/encryptor/client_hle/main.go:42.22,44.17 2 0
github.com/number571/hidden-lake/examples/encryptor/client_hle/main.go:44.17,45.14 1 0
github.com/number571/hidden-lake/examples/encryptor/client_hle/main.go:48.3,54.17 3 0
github.com/number571/hidden-lake/examples/encryptor/client_hle/main.go:54.17,55.14 1 0
github.com/number571/hidden-lake/examples/encryptor/client_hle/main.go:58.3,58.33 1 0
github.com/number571/hidden-lake/examples/encryptor/client_hle/main.go:59.22,61.17 2 0
github.com/number571/hidden-lake/examples/encryptor/client_hle/main.go:61.17,62.14 1 0
github.com/number571/hidden-lake/examples/encryptor/client_hle/main.go:65.3,66.17 2 0
github.com/number571/hidden-lake/examples/encryptor/client_hle/main.go:66.17,67.14 1 0
github.com/number571/hidden-lake/examples/encryptor/client_hle/main.go:70.3,70.54 1 0
github.com/number571/hidden-lake/examples/encryptor/client_hle/main.go:70.54,71.31 1 0
github.com/number571/hidden-lake/examples/encryptor/client_hle/main.go:74.3,74.38 1 0
github.com/number571/hidden-lake/examples/encryptor/client_hle/main.go:75.10,76.24 1 0
github.com/number571/hidden-lake/examples/traffic_actions/keeper/client_hlt/main.go:28.13,44.16 5 0
github.com/number571/hidden-lake/examples/traffic_actions/keeper/client_hlt/main.go:44.16,45.13 1 0
github.com/number571/hidden-lake/examples/traffic_actions/keeper/client_hlt/main.go:48.2,51.22 3 0
github.com/number571/hidden-lake/examples/traffic_actions/keeper/client_hlt/main.go:51.22,52.27 1 0
github.com/number571/hidden-lake/examples/traffic_actions/keeper/client_hlt/main.go:55.2,58.23 3 0
github.com/number571/hidden-lake/examples/traffic_actions/keeper/client_hlt/main.go:58.23,61.21 3 0
github.com/number571/hidden-lake/examples/traffic_actions/keeper/client_hlt/main.go:61.21,62.28 1 0
github.com/number571/hidden-lake/examples/traffic_actions/keeper/client_hlt/main.go:66.2,75.17 2 0
github.com/number571/hidden-lake/examples/traffic_actions/keeper/client_hlt/main.go:76.20,77.21 1 0
github.com/number571/hidden-lake/examples/traffic_actions/keeper/client_hlt/main.go:77.21,78.32 1 0
github.com/number571/hidden-lake/examples/traffic_actions/keeper/client_hlt/main.go:81.3,85.17 2 0
github.com/number571/hidden-lake/examples/traffic_actions/keeper/client_hlt/main.go:85.17,86.14 1 0
github.com/number571/hidden-lake/examples/traffic_actions/keeper/client_hlt/main.go:89.3,94.59 2 0
github.com/number571/hidden-lake/examples/traffic_actions/keeper/client_hlt/main.go:94.59,95.14 1 0
github.com/number571/hidden-lake/examples/traffic_actions/keeper/client_hlt/main.go:98.3,98.39 1 0
github.com/number571/hidden-lake/examples/traffic_actions/keeper/client_hlt/main.go:99.19,100.21 1 0
github.com/number571/hidden-lake/examples/traffic_actions/keeper/client_hlt/main.go:100.21,101.31 1 0
github.com/number571/hidden-lake/examples/traffic_actions/keeper/client_hlt/main.go:104.3,105.17 2 0
github.com/number571/hidden-lake/examples/traffic_actions/keeper/client_hlt/main.go:105.17,106.14 1 0
github.com/number571/hidden-lake/examples/traffic_actions/keeper/client_hlt/main.go:109.3,109.65 1 0
github.com/number571/hidden-lake/examples/traffic_actions/keeper/client_hlt/main.go:109.65,110.40 1 0
github.com/number571/hidden-lake/examples/traffic_actions/keeper/client_hlt/main.go:113.3,114.17 2 0
github.com/number571/hidden-lake/examples/traffic_actions/keeper/client_hlt/main.go:114.17,115.14 1 0
github.com/number571/hidden-lake/examples/traffic_actions/keeper/client_hlt/main.go:118.3,119.17 2 0
github.com/number571/hidden-lake/examples/traffic_actions/keeper/client_hlt/main.go:119.17,120.26 1 0
github.com/number571/hidden-lake/examples/traffic_actions/keeper/client_hlt/main.go:123.3,123.32 1 0
github.com/number571/hidden-lake/examples/traffic_actions/keeper/client_hlt/main.go:123.32,124.37 1 0
github.com/number571/hidden-lake/examples/traffic_actions/keeper/client_hlt/main.go:127.3,127.81 1 0
github.com/number571/hidden-lake/examples/traffic_actions/keeper/client_hlt/main.go:127.81,128.36 1 0
github.com/number571/hidden-lake/examples/traffic_actions/keeper/client_hlt/main.go:131.3,131.37 1 0
github.com/number571/hidden-lake/examples/traffic_actions/keeper/client_hlt/main.go:132.21,133.29 1 0
github.com/number571/hidden-lake/examples/traffic_actions/keeper/client_hlt/main.go:133.29,135.18 2 0
github.com/number571/hidden-lake/examples/traffic_actions/keeper/client_hlt/main.go:135.18,137.5 1 0
github.com/number571/hidden-lake/examples/traffic_actions/keeper/client_hlt/main.go:138.4,138.38 1 0
github.com/number571/hidden-lake/examples/traffic_actions/keeper/client_hlt/main.go:140.10,141.24 1 0
github.com/number571/hidden-lake/examples/traffic_actions/keeper/prod_test/main.go:38.13,48.16 5 0
github.com/number571/hidden-lake/examples/traffic_actions/keeper/prod_test/main.go:48.16,49.13 1 0
github.com/number571/hidden-lake/examples/traffic_actions/keeper/prod_test/main.go:52.2,55.36 3 0
github.com/number571/hidden-lake/examples/traffic_actions/keeper/prod_test/main.go:55.36,76.17 4 0
github.com/number571/hidden-lake/examples/traffic_actions/keeper/prod_test/main.go:76.17,78.12 2 0
github.com/number571/hidden-lake/examples/traffic_actions/keeper/prod_test/main.go:81.3,87.59 3 0
github.com/number571/hidden-lake/examples/traffic_actions/keeper/prod_test/main.go:87.59,89.12 2 0
github.com/number571/hidden-lake/examples/traffic_actions/keeper/prod_test/main.go:92.3,93.17 2 0
github.com/number571/hidden-lake/examples/traffic_actions/keeper/prod_test/main.go:93.17,95.12 2 0
github.com/number571/hidden-lake/examples/traffic_actions/keeper/prod_test/main.go:97.3,99.58 2 0
github.com/number571/hidden-lake/examples/traffic_actions/keeper/prod_test/main.go:99.58,101.12 2 0
github.com/number571/hidden-lake/examples/traffic_actions/keeper/prod_test/main.go:104.3,104.105 1 0
github.com/number571/hidden-lake/examples/traffic_actions/loader/client_hll/main.go:44.13,46.16 2 0
github.com/number571/hidden-lake/examples/traffic_actions/loader/client_hll/main.go:46.16,47.13 1 0
github.com/number571/hidden-lake/examples/traffic_actions/loader/client_hll/main.go:49.2,49.58 1 0
github.com/number571/hidden-lake/examples/traffic_actions/loader/client_hll/main.go:52.13,66.71 4 0
github.com/number571/hidden-lake/examples/traffic_actions/loader/client_hll/main.go:66.71,67.13 1 0
github.com/number571/hidden-lake/examples/traffic_actions/loader/client_hll/main.go:70.2,77.51 2 0
github.com/number571/hidden-lake/examples/traffic_actions/loader/client_hll/main.go:77.51,78.13 1 0
github.com/number571/hidden-lake/examples/traffic_actions/loader/client_hll/main.go:81.2,83.86 2 0
github.com/number571/hidden-lake/examples/traffic_actions/loader/client_hll/main.go:83.86,84.13 1 0
github.com/number571/hidden-lake/examples/traffic_actions/loader/client_hll/main.go:87.2,87.60 1 0
github.com/number571/hidden-lake/examples/traffic_actions/loader/client_hll/main.go:90.124,102.36 3 0
github.com/number571/hidden-lake/examples/traffic_actions/loader/client_hll/main.go:102.36,107.17 2 0
github.com/number571/hidden-lake/examples/traffic_actions/loader/client_hll/main.go:107.17,109.4 1 0
github.com/number571/hidden-lake/examples/traffic_actions/loader/client_hll/main.go:111.3,115.59 2 0
github.com/number571/hidden-lake/examples/traffic_actions/loader/client_hll/main.go:115.59,117.4 1 0
github.com/number571/hidden-lake/examples/traffic_actions/loader/client_hll/main.go:119.3,119.56 1 0
github.com/number571/hidden-lake/examples/traffic_actions/loader/client_hll/main.go:122.2,122.12 1 0
github.com/number571/hidden-lake/examples/traffic_actions/loader/client_hll/main.go:125.116,138.28 4 0
github.com/number571/hidden-lake/examples/traffic_actions/loader/client_hll/main.go:138.28,140.17 2 0
github.com/number571/hidden-lake/examples/traffic_actions/loader/client_hll/main.go:140.17,141.9 1 0
github.com/number571/hidden-lake/examples/traffic_actions/loader/client_hll/main.go:143.3,143.32 1 0
github.com/number571/hidden-lake/examples/traffic_actions/loader/client_hll/main.go:146.2,146.34 1 0
github.com/number571/hidden-lake/examples/traffic_actions/loader/client_hll/main.go:146.34,147.31 1 0
github.com/number571/hidden-lake/examples/traffic_actions/loader/client_hll/main.go:147.31,149.4 1 0
github.com/number571/hidden-lake/examples/traffic_actions/loader/client_hll/main.go:152.2,152.27 1 0
github.com/number571/hidden-lake/examples/traffic_actions/loader/client_hll/main.go:152.27,154.17 2 0
github.com/number571/hidden-lake/examples/traffic_actions/loader/client_hll/main.go:154.17,156.4 1 0
github.com/number571/hidden-lake/examples/traffic_actions/loader/client_hll/main.go:158.3,158.65 1 0
github.com/number571/hidden-lake/examples/traffic_actions/loader/client_hll/main.go:158.65,160.4 1 0
github.com/number571/hidden-lake/examples/traffic_actions/loader/client_hll/main.go:162.3,163.17 2 0
github.com/number571/hidden-lake/examples/traffic_actions/loader/client_hll/main.go:163.17,165.4 1 0
github.com/number571/hidden-lake/examples/traffic_actions/loader/client_hll/main.go:167.3,167.81 1 0
github.com/number571/hidden-lake/examples/traffic_actions/loader/client_hll/main.go:167.81,169.4 1 0
github.com/number571/hidden-lake/examples/traffic_actions/loader/client_hll/main.go:171.3,172.35 2 0
github.com/number571/hidden-lake/examples/traffic_actions/loader/client_hll/main.go:172.35,174.4 1 0
github.com/number571/hidden-lake/examples/traffic_actions/loader/client_hll/main.go:176.3,176.47 1 0
github.com/number571/hidden-lake/examples/traffic_actions/loader/client_hll/main.go:176.47,178.4 1 0
github.com/number571/hidden-lake/examples/traffic_actions/loader/client_hll/main.go:181.2,181.12 1 0
github.com/number571/hidden-lake/examples/traffic_actions/loader/client_hll/main.go:183.57,185.31 2 0
github.com/number571/hidden-lake/examples/traffic_actions/loader/client_hll/main.go:185.31,186.19 1 0
github.com/number571/hidden-lake/examples/traffic_actions/loader/client_hll/main.go:186.19,188.4 1 0
github.com/number571/hidden-lake/examples/traffic_actions/loader/client_hll/main.go:190.2,190.14 1 0
github.com/number571/hidden-lake/internal/api/errors.go:11.38,13.2 1 0
github.com/number571/hidden-lake/internal/api/request.go:19.19,25.27 2 0
github.com/number571/hidden-lake/internal/api/request.go:26.14,28.15 2 0
github.com/number571/hidden-lake/internal/api/request.go:29.14,31.23 2 0
github.com/number571/hidden-lake/internal/api/request.go:32.10,34.39 2 0
github.com/number571/hidden-lake/internal/api/request.go:37.2,43.16 2 0
github.com/number571/hidden-lake/internal/api/request.go:43.16,45.3 1 0
github.com/number571/hidden-lake/internal/api/request.go:47.2,50.16 3 0
github.com/number571/hidden-lake/internal/api/request.go:50.16,52.3 1 0
github.com/number571/hidden-lake/internal/api/request.go:53.2,56.16 3 0
github.com/number571/hidden-lake/internal/api/request.go:56.16,58.3 1 0
github.com/number571/hidden-lake/internal/api/request.go:59.2,59.20 1 0
github.com/number571/hidden-lake/internal/api/request.go:62.75,64.16 2 0
github.com/number571/hidden-lake/internal/api/request.go:64.16,66.3 1 0
github.com/number571/hidden-lake/internal/api/request.go:67.2,67.45 1 0
github.com/number571/hidden-lake/internal/api/request.go:67.45,69.3 1 0
github.com/number571/hidden-lake/internal/api/request.go:70.2,70.18 1 0
github.com/number571/hidden-lake/internal/api/response.go:16.9,22.26 2 0
github.com/number571/hidden-lake/internal/api/response.go:23.14,25.16 2 0
github.com/number571/hidden-lake/internal/api/response.go:26.14,28.24 2 0
github.com/number571/hidden-lake/internal/api/response.go:29.10,31.40 2 0
github.com/number571/hidden-lake/internal/api/response.go:34.2,37.67 3 0
github.com/number571/hidden-lake/internal/api/response.go:37.67,39.3 1 0
github.com/number571/hidden-lake/internal/api/response.go:41.2,41.12 1 0
github.com/number571/hidden-lake/internal/chars/chars.go:5.46,6.23 1 0
github.com/number571/hidden-lake/internal/chars/chars.go:6.23,7.28 1 0
github.com/number571/hidden-lake/internal/chars/chars.go:7.28,9.4 1 0
github.com/number571/hidden-lake/internal/chars/chars.go:11.2,11.14 1 0
github.com/number571/hidden-lake/internal/closer/closer.go:9.47,11.29 2 0
github.com/number571/hidden-lake/internal/closer/closer.go:11.29,12.35 1 0
github.com/number571/hidden-lake/internal/closer/closer.go:12.35,14.4 1 0
github.com/number571/hidden-lake/internal/closer/closer.go:16.2,16.38 1 0
github.com/number571/hidden-lake/internal/flag/flag.go:7.56,8.27 1 0
github.com/number571/hidden-lake/internal/flag/flag.go:8.27,10.22 2 0
github.com/number571/hidden-lake/internal/flag/flag.go:10.22,12.4 1 0
github.com/number571/hidden-lake/internal/flag/flag.go:14.2,14.14 1 0
github.com/number571/hidden-lake/internal/flag/flag.go:17.64,19.27 2 0
github.com/number571/hidden-lake/internal/flag/flag.go:19.27,20.18 1 0
github.com/number571/hidden-lake/internal/flag/flag.go:20.18,22.4 1 0
github.com/number571/hidden-lake/internal/flag/flag.go:23.3,24.40 2 0
github.com/number571/hidden-lake/internal/flag/flag.go:24.40,25.12 1 0
github.com/number571/hidden-lake/internal/flag/flag.go:27.3,28.24 2 0
github.com/number571/hidden-lake/internal/flag/flag.go:28.24,30.12 2 0
github.com/number571/hidden-lake/internal/flag/flag.go:32.3,32.40 1 0
github.com/number571/hidden-lake/internal/flag/flag.go:34.2,34.17 1 0
github.com/number571/hidden-lake/internal/flag/flag.go:34.17,35.47 1 0
github.com/number571/hidden-lake/internal/flag/flag.go:37.2,37.17 1 0
github.com/number571/hidden-lake/internal/initapp/errors.go:11.38,13.2 1 0
github.com/number571/hidden-lake/internal/initapp/privkey.go:10.80,11.53 1 0
github.com/number571/hidden-lake/internal/initapp/privkey.go:11.53,13.83 2 0
github.com/number571/hidden-lake/internal/initapp/privkey.go:13.83,15.4 1 0
github.com/number571/hidden-lake/internal/initapp/privkey.go:16.3,16.22 1 0
github.com/number571/hidden-lake/internal/initapp/privkey.go:18.2,19.16 2 0
github.com/number571/hidden-lake/internal/initapp/privkey.go:19.16,21.3 1 0
github.com/number571/hidden-lake/internal/initapp/privkey.go:22.2,23.20 2 0
github.com/number571/hidden-lake/internal/initapp/privkey.go:23.20,25.3 1 0
github.com/number571/hidden-lake/internal/initapp/privkey.go:26.2,26.35 1 0
github.com/number571/hidden-lake/internal/initapp/privkey.go:26.35,28.3 1 0
github.com/number571/hidden-lake/internal/initapp/privkey.go:29.2,29.21 1 0
github.com/number571/hidden-lake/internal/language/errors.go:11.43,13.2 1 0
github.com/number571/hidden-lake/internal/language/language.go:13.47,14.28 1 0
github.com/number571/hidden-lake/internal/language/language.go:15.21,16.23 1 0
github.com/number571/hidden-lake/internal/language/language.go:17.17,18.23 1 0
github.com/number571/hidden-lake/internal/language/language.go:19.17,20.23 1 0
github.com/number571/hidden-lake/internal/language/language.go:21.10,22.31 1 0
github.com/number571/hidden-lake/internal/language/language.go:26.44,27.15 1 0
github.com/number571/hidden-lake/internal/language/language.go:28.16,29.19 1 0
github.com/number571/hidden-lake/internal/language/language.go:30.16,31.19 1 0
github.com/number571/hidden-lake/internal/language/language.go:32.16,33.19 1 0
github.com/number571/hidden-lake/internal/language/language.go:34.10,35.28 1 0
github.com/number571/hidden-lake/internal/logger/anon/log_func.go:16.35,17.45 1 0
github.com/number571/hidden-lake/internal/logger/anon/log_func.go:17.45,19.10 2 0
github.com/number571/hidden-lake/internal/logger/anon/log_func.go:19.10,20.32 1 0
github.com/number571/hidden-lake/internal/logger/anon/log_func.go:23.3,25.19 3 0
github.com/number571/hidden-lake/internal/logger/anon/log_func.go:25.19,26.33 1 0
github.com/number571/hidden-lake/internal/logger/anon/log_func.go:29.3,30.10 2 0
github.com/number571/hidden-lake/internal/logger/anon/log_func.go:30.10,31.39 1 0
github.com/number571/hidden-lake/internal/logger/anon/log_func.go:34.3,34.39 1 0
github.com/number571/hidden-lake/internal/logger/anon/log_func.go:38.74,40.41 2 0
github.com/number571/hidden-lake/internal/logger/anon/log_func.go:40.41,42.3 1 0
github.com/number571/hidden-lake/internal/logger/anon/log_func.go:44.2,45.43 2 0
github.com/number571/hidden-lake/internal/logger/anon/log_func.go:45.43,47.3 1 0
github.com/number571/hidden-lake/internal/logger/anon/log_func.go:49.2,50.41 2 0
github.com/number571/hidden-lake/internal/logger/anon/log_func.go:50.41,52.3 1 0
github.com/number571/hidden-lake/internal/logger/anon/log_func.go:54.2,63.3 1 0
github.com/number571/hidden-lake/internal/logger/http/log_builder.go:16.67,25.2 3 0
github.com/number571/hidden-lake/internal/logger/http/log_builder.go:27.40,29.2 1 0
github.com/number571/hidden-lake/internal/logger/http/log_builder.go:31.60,34.2 2 0
github.com/number571/hidden-lake/internal/logger/http/log_func.go:13.35,14.45 1 0
github.com/number571/hidden-lake/internal/logger/http/log_func.go:14.45,16.10 2 0
github.com/number571/hidden-lake/internal/logger/http/log_func.go:16.10,17.32 1 0
github.com/number571/hidden-lake/internal/logger/http/log_func.go:20.3,28.4 2 0
github.com/number571/hidden-lake/internal/logger/http/log_getter.go:7.57,11.2 1 0
github.com/number571/hidden-lake/internal/logger/http/log_getter.go:13.42,15.2 1 0
github.com/number571/hidden-lake/internal/logger/http/log_getter.go:17.39,19.2 1 0
github.com/number571/hidden-lake/internal/logger/http/log_getter.go:21.41,23.2 1 0
github.com/number571/hidden-lake/internal/logger/http/log_getter.go:25.39,27.2 1 0
github.com/number571/hidden-lake/internal/logger/http/log_getter.go:29.42,31.2 1 0
github.com/number571/hidden-lake/internal/logger/std/errors.go:11.38,13.2 1 0
github.com/number571/hidden-lake/internal/logger/std/log_func.go:7.35,8.45 1 0
github.com/number571/hidden-lake/internal/logger/std/log_func.go:8.45,10.10 2 0
github.com/number571/hidden-lake/internal/logger/std/log_func.go:10.10,11.32 1 0
github.com/number571/hidden-lake/internal/logger/std/log_func.go:13.3,13.13 1 0
github.com/number571/hidden-lake/internal/logger/std/logging.go:9.55,18.29 3 0
github.com/number571/hidden-lake/internal/logger/std/logging.go:18.29,20.10 2 0
github.com/number571/hidden-lake/internal/logger/std/logging.go:20.10,22.4 1 0
github.com/number571/hidden-lake/internal/logger/std/logging.go:23.3,23.26 1 0
github.com/number571/hidden-lake/internal/logger/std/logging.go:26.2,26.21 1 0
github.com/number571/hidden-lake/internal/logger/std/logging.go:29.34,31.2 1 0
github.com/number571/hidden-lake/internal/logger/std/logging.go:33.34,35.2 1 0
github.com/number571/hidden-lake/internal/logger/std/logging.go:37.34,39.2 1 0
github.com/number571/hidden-lake/internal/logger/std/std_logger.go:9.79,14.2 1 0
github.com/number571/hidden-lake/internal/logger/std/std_logger.go:16.54,18.24 2 0
github.com/number571/hidden-lake/internal/logger/std/std_logger.go:18.24,20.3 1 0
github.com/number571/hidden-lake/internal/logger/std/std_logger.go:21.2,21.24 1 0
github.com/number571/hidden-lake/internal/logger/std/std_logger.go:21.24,23.3 1 0
github.com/number571/hidden-lake/internal/logger/std/std_logger.go:24.2,24.24 1 0
github.com/number571/hidden-lake/internal/logger/std/std_logger.go:24.24,26.3 1 0
github.com/number571/hidden-lake/internal/logger/std/std_logger.go:27.2,27.33 1 0
github.com/number571/hidden-lake/internal/pprof/pprof.go:10.50,26.2 8 0
github.com/number571/hidden-lake/internal/slices/slices.go:3.63,4.30 1 0
github.com/number571/hidden-lake/internal/slices/slices.go:4.30,6.3 1 0
github.com/number571/hidden-lake/internal/slices/slices.go:7.2,7.29 1 0
github.com/number571/hidden-lake/internal/slices/slices.go:10.61,12.27 2 0
github.com/number571/hidden-lake/internal/slices/slices.go:12.27,13.16 1 0
github.com/number571/hidden-lake/internal/slices/slices.go:13.16,14.12 1 0
github.com/number571/hidden-lake/internal/slices/slices.go:16.3,16.29 1 0
github.com/number571/hidden-lake/internal/slices/slices.go:18.2,18.15 1 0
github.com/number571/hidden-lake/internal/slices/slices.go:21.52,22.27 1 0
github.com/number571/hidden-lake/internal/slices/slices.go:22.27,23.16 1 0
github.com/number571/hidden-lake/internal/slices/slices.go:23.16,25.4 1 0
github.com/number571/hidden-lake/internal/slices/slices.go:27.2,27.14 1 0
github.com/number571/hidden-lake/test/utils/testutils.go:9.42,12.26 3 0
github.com/number571/hidden-lake/test/utils/testutils.go:12.26,14.3 1 0
github.com/number571/hidden-lake/test/utils/testutils.go:15.2,15.15 1 0
github.com/number571/hidden-lake/test/utils/testutils.go:18.57,20.25 2 0
github.com/number571/hidden-lake/test/utils/testutils.go:20.25,22.29 2 0
github.com/number571/hidden-lake/test/utils/testutils.go:22.29,24.12 2 0
github.com/number571/hidden-lake/test/utils/testutils.go:26.3,26.13 1 0
github.com/number571/hidden-lake/test/utils/testutils.go:28.2,28.15 1 0
github.com/number571/hidden-lake/examples/encryptor/client_hle/main.go:21.13,24.23 2 0
github.com/number571/hidden-lake/examples/encryptor/client_hle/main.go:24.23,25.29 1 0
github.com/number571/hidden-lake/examples/encryptor/client_hle/main.go:28.2,41.20 3 0
github.com/number571/hidden-lake/examples/encryptor/client_hle/main.go:42.22,44.17 2 0
github.com/number571/hidden-lake/examples/encryptor/client_hle/main.go:44.17,45.14 1 0
github.com/number571/hidden-lake/examples/encryptor/client_hle/main.go:48.3,54.17 3 0
github.com/number571/hidden-lake/examples/encryptor/client_hle/main.go:54.17,55.14 1 0
github.com/number571/hidden-lake/examples/encryptor/client_hle/main.go:58.3,58.33 1 0
github.com/number571/hidden-lake/examples/encryptor/client_hle/main.go:59.22,61.17 2 0
github.com/number571/hidden-lake/examples/encryptor/client_hle/main.go:61.17,62.14 1 0
github.com/number571/hidden-lake/examples/encryptor/client_hle/main.go:65.3,66.17 2 0
github.com/number571/hidden-lake/examples/encryptor/client_hle/main.go:66.17,67.14 1 0
github.com/number571/hidden-lake/examples/encryptor/client_hle/main.go:70.3,70.54 1 0
github.com/number571/hidden-lake/examples/encryptor/client_hle/main.go:70.54,71.31 1 0
github.com/number571/hidden-lake/examples/encryptor/client_hle/main.go:74.3,74.38 1 0
github.com/number571/hidden-lake/examples/encryptor/client_hle/main.go:75.10,76.24 1 0
github.com/number571/hidden-lake/examples/traffic_actions/keeper/client_hlt/main.go:28.13,44.16 5 0
github.com/number571/hidden-lake/examples/traffic_actions/keeper/client_hlt/main.go:44.16,45.13 1 0
github.com/number571/hidden-lake/examples/traffic_actions/keeper/client_hlt/main.go:48.2,51.22 3 0
github.com/number571/hidden-lake/examples/traffic_actions/keeper/client_hlt/main.go:51.22,52.27 1 0
github.com/number571/hidden-lake/examples/traffic_actions/keeper/client_hlt/main.go:55.2,58.23 3 0
github.com/number571/hidden-lake/examples/traffic_actions/keeper/client_hlt/main.go:58.23,61.21 3 0
github.com/number571/hidden-lake/examples/traffic_actions/keeper/client_hlt/main.go:61.21,62.28 1 0
github.com/number571/hidden-lake/examples/traffic_actions/keeper/client_hlt/main.go:66.2,75.17 2 0
github.com/number571/hidden-lake/examples/traffic_actions/keeper/client_hlt/main.go:76.20,77.21 1 0
github.com/number571/hidden-lake/examples/traffic_actions/keeper/client_hlt/main.go:77.21,78.32 1 0
github.com/number571/hidden-lake/examples/traffic_actions/keeper/client_hlt/main.go:81.3,85.17 2 0
github.com/number571/hidden-lake/examples/traffic_actions/keeper/client_hlt/main.go:85.17,86.14 1 0
github.com/number571/hidden-lake/examples/traffic_actions/keeper/client_hlt/main.go:89.3,94.59 2 0
github.com/number571/hidden-lake/examples/traffic_actions/keeper/client_hlt/main.go:94.59,95.14 1 0
github.com/number571/hidden-lake/examples/traffic_actions/keeper/client_hlt/main.go:98.3,98.39 1 0
github.com/number571/hidden-lake/examples/traffic_actions/keeper/client_hlt/main.go:99.19,100.21 1 0
github.com/number571/hidden-lake/examples/traffic_actions/keeper/client_hlt/main.go:100.21,101.31 1 0
github.com/number571/hidden-lake/examples/traffic_actions/keeper/client_hlt/main.go:104.3,105.17 2 0
github.com/number571/hidden-lake/examples/traffic_actions/keeper/client_hlt/main.go:105.17,106.14 1 0
github.com/number571/hidden-lake/examples/traffic_actions/keeper/client_hlt/main.go:109.3,109.65 1 0
github.com/number571/hidden-lake/examples/traffic_actions/keeper/client_hlt/main.go:109.65,110.40 1 0
github.com/number571/hidden-lake/examples/traffic_actions/keeper/client_hlt/main.go:113.3,114.17 2 0
github.com/number571/hidden-lake/examples/traffic_actions/keeper/client_hlt/main.go:114.17,115.14 1 0
github.com/number571/hidden-lake/examples/traffic_actions/keeper/client_hlt/main.go:118.3,119.17 2 0
github.com/number571/hidden-lake/examples/traffic_actions/keeper/client_hlt/main.go:119.17,120.26 1 0
github.com/number571/hidden-lake/examples/traffic_actions/keeper/client_hlt/main.go:123.3,123.32 1 0
github.com/number571/hidden-lake/examples/traffic_actions/keeper/client_hlt/main.go:123.32,124.37 1 0
github.com/number571/hidden-lake/examples/traffic_actions/keeper/client_hlt/main.go:127.3,127.81 1 0
github.com/number571/hidden-lake/examples/traffic_actions/keeper/client_hlt/main.go:127.81,128.36 1 0
github.com/number571/hidden-lake/examples/traffic_actions/keeper/client_hlt/main.go:131.3,131.37 1 0
github.com/number571/hidden-lake/examples/traffic_actions/keeper/client_hlt/main.go:132.21,133.29 1 0
github.com/number571/hidden-lake/examples/traffic_actions/keeper/client_hlt/main.go:133.29,135.18 2 0
github.com/number571/hidden-lake/examples/traffic_actions/keeper/client_hlt/main.go:135.18,137.5 1 0
github.com/number571/hidden-lake/examples/traffic_actions/keeper/client_hlt/main.go:138.4,138.38 1 0
github.com/number571/hidden-lake/examples/traffic_actions/keeper/client_hlt/main.go:140.10,141.24 1 0
github.com/number571/hidden-lake/examples/traffic_actions/keeper/prod_test/main.go:38.13,48.16 5 0
github.com/number571/hidden-lake/examples/traffic_actions/keeper/prod_test/main.go:48.16,49.13 1 0
github.com/number571/hidden-lake/examples/traffic_actions/keeper/prod_test/main.go:52.2,55.36 3 0
github.com/number571/hidden-lake/examples/traffic_actions/keeper/prod_test/main.go:55.36,76.17 4 0
github.com/number571/hidden-lake/examples/traffic_actions/keeper/prod_test/main.go:76.17,78.12 2 0
github.com/number571/hidden-lake/examples/traffic_actions/keeper/prod_test/main.go:81.3,87.59 3 0
github.com/number571/hidden-lake/examples/traffic_actions/keeper/prod_test/main.go:87.59,89.12 2 0
github.com/number571/hidden-lake/examples/traffic_actions/keeper/prod_test/main.go:92.3,93.17 2 0
github.com/number571/hidden-lake/examples/traffic_actions/keeper/prod_test/main.go:93.17,95.12 2 0
github.com/number571/hidden-lake/examples/traffic_actions/keeper/prod_test/main.go:97.3,99.58 2 0
github.com/number571/hidden-lake/examples/traffic_actions/keeper/prod_test/main.go:99.58,101.12 2 0
github.com/number571/hidden-lake/examples/traffic_actions/keeper/prod_test/main.go:104.3,104.105 1 0
github.com/number571/hidden-lake/examples/traffic_actions/loader/client_hll/main.go:44.13,46.16 2 0
github.com/number571/hidden-lake/examples/traffic_actions/loader/client_hll/main.go:46.16,47.13 1 0
github.com/number571/hidden-lake/examples/traffic_actions/loader/client_hll/main.go:49.2,49.58 1 0
github.com/number571/hidden-lake/examples/traffic_actions/loader/client_hll/main.go:52.13,66.71 4 0
github.com/number571/hidden-lake/examples/traffic_actions/loader/client_hll/main.go:66.71,67.13 1 0
github.com/number571/hidden-lake/examples/traffic_actions/loader/client_hll/main.go:70.2,77.51 2 0
github.com/number571/hidden-lake/examples/traffic_actions/loader/client_hll/main.go:77.51,78.13 1 0
github.com/number571/hidden-lake/examples/traffic_actions/loader/client_hll/main.go:81.2,83.86 2 0
github.com/number571/hidden-lake/examples/traffic_actions/loader/client_hll/main.go:83.86,84.13 1 0
github.com/number571/hidden-lake/examples/traffic_actions/loader/client_hll/main.go:87.2,87.60 1 0
github.com/number571/hidden-lake/examples/traffic_actions/loader/client_hll/main.go:90.124,102.36 3 0
github.com/number571/hidden-lake/examples/traffic_actions/loader/client_hll/main.go:102.36,107.17 2 0
github.com/number571/hidden-lake/examples/traffic_actions/loader/client_hll/main.go:107.17,109.4 1 0
github.com/number571/hidden-lake/examples/traffic_actions/loader/client_hll/main.go:111.3,115.59 2 0
github.com/number571/hidden-lake/examples/traffic_actions/loader/client_hll/main.go:115.59,117.4 1 0
github.com/number571/hidden-lake/examples/traffic_actions/loader/client_hll/main.go:119.3,119.56 1 0
github.com/number571/hidden-lake/examples/traffic_actions/loader/client_hll/main.go:122.2,122.12 1 0
github.com/number571/hidden-lake/examples/traffic_actions/loader/client_hll/main.go:125.116,138.28 4 0
github.com/number571/hidden-lake/examples/traffic_actions/loader/client_hll/main.go:138.28,140.17 2 0
github.com/number571/hidden-lake/examples/traffic_actions/loader/client_hll/main.go:140.17,141.9 1 0
github.com/number571/hidden-lake/examples/traffic_actions/loader/client_hll/main.go:143.3,143.32 1 0
github.com/number571/hidden-lake/examples/traffic_actions/loader/client_hll/main.go:146.2,146.34 1 0
github.com/number571/hidden-lake/examples/traffic_actions/loader/client_hll/main.go:146.34,147.31 1 0
github.com/number571/hidden-lake/examples/traffic_actions/loader/client_hll/main.go:147.31,149.4 1 0
github.com/number571/hidden-lake/examples/traffic_actions/loader/client_hll/main.go:152.2,152.27 1 0
github.com/number571/hidden-lake/examples/traffic_actions/loader/client_hll/main.go:152.27,154.17 2 0
github.com/number571/hidden-lake/examples/traffic_actions/loader/client_hll/main.go:154.17,156.4 1 0
github.com/number571/hidden-lake/examples/traffic_actions/loader/client_hll/main.go:158.3,158.65 1 0
github.com/number571/hidden-lake/examples/traffic_actions/loader/client_hll/main.go:158.65,160.4 1 0
github.com/number571/hidden-lake/examples/traffic_actions/loader/client_hll/main.go:162.3,163.17 2 0
github.com/number571/hidden-lake/examples/traffic_actions/loader/client_hll/main.go:163.17,165.4 1 0
github.com/number571/hidden-lake/examples/traffic_actions/loader/client_hll/main.go:167.3,167.81 1 0
github.com/number571/hidden-lake/examples/traffic_actions/loader/client_hll/main.go:167.81,169.4 1 0
github.com/number571/hidden-lake/examples/traffic_actions/loader/client_hll/main.go:171.3,172.35 2 0
github.com/number571/hidden-lake/examples/traffic_actions/loader/client_hll/main.go:172.35,174.4 1 0
github.com/number571/hidden-lake/examples/traffic_actions/loader/client_hll/main.go:176.3,176.47 1 0
github.com/number571/hidden-lake/examples/traffic_actions/loader/client_hll/main.go:176.47,178.4 1 0
github.com/number571/hidden-lake/examples/traffic_actions/loader/client_hll/main.go:181.2,181.12 1 0
github.com/number571/hidden-lake/examples/traffic_actions/loader/client_hll/main.go:183.57,185.31 2 0
github.com/number571/hidden-lake/examples/traffic_actions/loader/client_hll/main.go:185.31,186.19 1 0
github.com/number571/hidden-lake/examples/traffic_actions/loader/client_hll/main.go:186.19,188.4 1 0
github.com/number571/hidden-lake/examples/traffic_actions/loader/client_hll/main.go:190.2,190.14 1 0
github.com/number571/hidden-lake/internal/api/errors.go:11.38,13.2 1 0
github.com/number571/hidden-lake/internal/api/request.go:19.19,25.27 2 0
github.com/number571/hidden-lake/internal/api/request.go:26.14,28.15 2 0
github.com/number571/hidden-lake/internal/api/request.go:29.14,31.23 2 0
github.com/number571/hidden-lake/internal/api/request.go:32.10,34.39 2 0
github.com/number571/hidden-lake/internal/api/request.go:37.2,43.16 2 0
github.com/number571/hidden-lake/internal/api/request.go:43.16,45.3 1 0
github.com/number571/hidden-lake/internal/api/request.go:47.2,50.16 3 0
github.com/number571/hidden-lake/internal/api/request.go:50.16,52.3 1 0
github.com/number571/hidden-lake/internal/api/request.go:53.2,56.16 3 0
github.com/number571/hidden-lake/internal/api/request.go:56.16,58.3 1 0
github.com/number571/hidden-lake/internal/api/request.go:59.2,59.20 1 0
github.com/number571/hidden-lake/internal/api/request.go:62.75,64.16 2 0
github.com/number571/hidden-lake/internal/api/request.go:64.16,66.3 1 0
github.com/number571/hidden-lake/internal/api/request.go:67.2,67.45 1 0
github.com/number571/hidden-lake/internal/api/request.go:67.45,69.3 1 0
github.com/number571/hidden-lake/internal/api/request.go:70.2,70.18 1 0
github.com/number571/hidden-lake/internal/api/response.go:16.9,22.26 2 0
github.com/number571/hidden-lake/internal/api/response.go:23.14,25.16 2 0
github.com/number571/hidden-lake/internal/api/response.go:26.14,28.24 2 0
github.com/number571/hidden-lake/internal/api/response.go:29.10,31.40 2 0
github.com/number571/hidden-lake/internal/api/response.go:34.2,37.67 3 0
github.com/number571/hidden-lake/internal/api/response.go:37.67,39.3 1 0
github.com/number571/hidden-lake/internal/api/response.go:41.2,41.12 1 0
github.com/number571/hidden-lake/internal/chars/chars.go:5.46,6.23 1 0
github.com/number571/hidden-lake/internal/chars/chars.go:6.23,7.28 1 0
github.com/number571/hidden-lake/internal/chars/chars.go:7.28,9.4 1 0
github.com/number571/hidden-lake/internal/chars/chars.go:11.2,11.14 1 0
github.com/number571/hidden-lake/internal/closer/closer.go:9.47,11.29 2 0
github.com/number571/hidden-lake/internal/closer/closer.go:11.29,12.35 1 0
github.com/number571/hidden-lake/internal/closer/closer.go:12.35,14.4 1 0
github.com/number571/hidden-lake/internal/closer/closer.go:16.2,16.38 1 0
github.com/number571/hidden-lake/internal/flag/flag.go:7.56,8.27 1 0
github.com/number571/hidden-lake/internal/flag/flag.go:8.27,10.22 2 0
github.com/number571/hidden-lake/internal/flag/flag.go:10.22,12.4 1 0
github.com/number571/hidden-lake/internal/flag/flag.go:14.2,14.14 1 0
github.com/number571/hidden-lake/internal/flag/flag.go:17.64,19.27 2 0
github.com/number571/hidden-lake/internal/flag/flag.go:19.27,20.18 1 0
github.com/number571/hidden-lake/internal/flag/flag.go:20.18,22.4 1 0
github.com/number571/hidden-lake/internal/flag/flag.go:23.3,24.40 2 0
github.com/number571/hidden-lake/internal/flag/flag.go:24.40,25.12 1 0
github.com/number571/hidden-lake/internal/flag/flag.go:27.3,28.24 2 0
github.com/number571/hidden-lake/internal/flag/flag.go:28.24,30.12 2 0
github.com/number571/hidden-lake/internal/flag/flag.go:32.3,32.40 1 0
github.com/number571/hidden-lake/internal/flag/flag.go:34.2,34.17 1 0
github.com/number571/hidden-lake/internal/flag/flag.go:34.17,35.47 1 0
github.com/number571/hidden-lake/internal/flag/flag.go:37.2,37.17 1 0
github.com/number571/hidden-lake/internal/initapp/errors.go:11.38,13.2 1 0
github.com/number571/hidden-lake/internal/initapp/privkey.go:10.80,11.53 1 0
github.com/number571/hidden-lake/internal/initapp/privkey.go:11.53,13.83 2 0
github.com/number571/hidden-lake/internal/initapp/privkey.go:13.83,15.4 1 0
github.com/number571/hidden-lake/internal/initapp/privkey.go:16.3,16.22 1 0
github.com/number571/hidden-lake/internal/initapp/privkey.go:18.2,19.16 2 0
github.com/number571/hidden-lake/internal/initapp/privkey.go:19.16,21.3 1 0
github.com/number571/hidden-lake/internal/initapp/privkey.go:22.2,23.20 2 0
github.com/number571/hidden-lake/internal/initapp/privkey.go:23.20,25.3 1 0
github.com/number571/hidden-lake/internal/initapp/privkey.go:26.2,26.35 1 0
github.com/number571/hidden-lake/internal/initapp/privkey.go:26.35,28.3 1 0
github.com/number571/hidden-lake/internal/initapp/privkey.go:29.2,29.21 1 0
github.com/number571/hidden-lake/internal/language/errors.go:11.43,13.2 1 0
github.com/number571/hidden-lake/internal/language/language.go:13.47,14.28 1 0
github.com/number571/hidden-lake/internal/language/language.go:15.21,16.23 1 0
github.com/number571/hidden-lake/internal/language/language.go:17.17,18.23 1 0
github.com/number571/hidden-lake/internal/language/language.go:19.17,20.23 1 0
github.com/number571/hidden-lake/internal/language/language.go:21.10,22.31 1 0
github.com/number571/hidden-lake/internal/language/language.go:26.44,27.15 1 0
github.com/number571/hidden-lake/internal/language/language.go:28.16,29.19 1 0
github.com/number571/hidden-lake/internal/language/language.go:30.16,31.19 1 0
github.com/number571/hidden-lake/internal/language/language.go:32.16,33.19 1 0
github.com/number571/hidden-lake/internal/language/language.go:34.10,35.28 1 0
github.com/number571/hidden-lake/internal/logger/anon/log_func.go:16.35,17.45 1 0
github.com/number571/hidden-lake/internal/logger/anon/log_func.go:17.45,19.10 2 0
github.com/number571/hidden-lake/internal/logger/anon/log_func.go:19.10,20.32 1 0
github.com/number571/hidden-lake/internal/logger/anon/log_func.go:23.3,25.19 3 0
github.com/number571/hidden-lake/internal/logger/anon/log_func.go:25.19,26.33 1 0
github.com/number571/hidden-lake/internal/logger/anon/log_func.go:29.3,30.10 2 0
github.com/number571/hidden-lake/internal/logger/anon/log_func.go:30.10,31.39 1 0
github.com/number571/hidden-lake/internal/logger/anon/log_func.go:34.3,34.39 1 0
github.com/number571/hidden-lake/internal/logger/anon/log_func.go:38.74,40.41 2 0
github.com/number571/hidden-lake/internal/logger/anon/log_func.go:40.41,42.3 1 0
github.com/number571/hidden-lake/internal/logger/anon/log_func.go:44.2,45.43 2 0
github.com/number571/hidden-lake/internal/logger/anon/log_func.go:45.43,47.3 1 0
github.com/number571/hidden-lake/internal/logger/anon/log_func.go:49.2,50.41 2 0
github.com/number571/hidden-lake/internal/logger/anon/log_func.go:50.41,52.3 1 0
github.com/number571/hidden-lake/internal/logger/anon/log_func.go:54.2,63.3 1 0
github.com/number571/hidden-lake/internal/logger/http/log_builder.go:16.67,25.2 3 0
github.com/number571/hidden-lake/internal/logger/http/log_builder.go:27.40,29.2 1 0
github.com/number571/hidden-lake/internal/logger/http/log_builder.go:31.60,34.2 2 0
github.com/number571/hidden-lake/internal/logger/http/log_func.go:13.35,14.45 1 0
github.com/number571/hidden-lake/internal/logger/http/log_func.go:14.45,16.10 2 0
github.com/number571/hidden-lake/internal/logger/http/log_func.go:16.10,17.32 1 0
github.com/number571/hidden-lake/internal/logger/http/log_func.go:20.3,28.4 2 0
github.com/number571/hidden-lake/internal/logger/http/log_getter.go:7.57,11.2 1 0
github.com/number571/hidden-lake/internal/logger/http/log_getter.go:13.42,15.2 1 0
github.com/number571/hidden-lake/internal/logger/http/log_getter.go:17.39,19.2 1 0
github.com/number571/hidden-lake/internal/logger/http/log_getter.go:21.41,23.2 1 0
github.com/number571/hidden-lake/internal/logger/http/log_getter.go:25.39,27.2 1 0
github.com/number571/hidden-lake/internal/logger/http/log_getter.go:29.42,31.2 1 0
github.com/number571/hidden-lake/internal/logger/std/errors.go:11.38,13.2 1 0
github.com/number571/hidden-lake/internal/logger/std/log_func.go:7.35,8.45 1 0
github.com/number571/hidden-lake/internal/logger/std/log_func.go:8.45,10.10 2 0
github.com/number571/hidden-lake/internal/logger/std/log_func.go:10.10,11.32 1 0
github.com/number571/hidden-lake/internal/logger/std/log_func.go:13.3,13.13 1 0
github.com/number571/hidden-lake/internal/logger/std/logging.go:9.55,18.29 3 0
github.com/number571/hidden-lake/internal/logger/std/logging.go:18.29,20.10 2 0
github.com/number571/hidden-lake/internal/logger/std/logging.go:20.10,22.4 1 0
github.com/number571/hidden-lake/internal/logger/std/logging.go:23.3,23.26 1 0
github.com/number571/hidden-lake/internal/logger/std/logging.go:26.2,26.21 1 0
github.com/number571/hidden-lake/internal/logger/std/logging.go:29.34,31.2 1 0
github.com/number571/hidden-lake/internal/logger/std/logging.go:33.34,35.2 1 0
github.com/number571/hidden-lake/internal/logger/std/logging.go:37.34,39.2 1 0
github.com/number571/hidden-lake/internal/logger/std/std_logger.go:9.79,14.2 1 0
github.com/number571/hidden-lake/internal/logger/std/std_logger.go:16.54,18.24 2 0
github.com/number571/hidden-lake/internal/logger/std/std_logger.go:18.24,20.3 1 0
github.com/number571/hidden-lake/internal/logger/std/std_logger.go:21.2,21.24 1 0
github.com/number571/hidden-lake/internal/logger/std/std_logger.go:21.24,23.3 1 0
github.com/number571/hidden-lake/internal/logger/std/std_logger.go:24.2,24.24 1 0
github.com/number571/hidden-lake/internal/logger/std/std_logger.go:24.24,26.3 1 0
github.com/number571/hidden-lake/internal/logger/std/std_logger.go:27.2,27.33 1 0
github.com/number571/hidden-lake/internal/pprof/pprof.go:10.50,26.2 8 0
github.com/number571/hidden-lake/internal/slices/slices.go:3.63,4.30 1 0
github.com/number571/hidden-lake/internal/slices/slices.go:4.30,6.3 1 0
github.com/number571/hidden-lake/internal/slices/slices.go:7.2,7.29 1 0
github.com/number571/hidden-lake/internal/slices/slices.go:10.61,12.27 2 0
github.com/number571/hidden-lake/internal/slices/slices.go:12.27,13.16 1 0
github.com/number571/hidden-lake/internal/slices/slices.go:13.16,14.12 1 0
github.com/number571/hidden-lake/internal/slices/slices.go:16.3,16.29 1 0
github.com/number571/hidden-lake/internal/slices/slices.go:18.2,18.15 1 0
github.com/number571/hidden-lake/internal/slices/slices.go:21.52,22.27 1 0
github.com/number571/hidden-lake/internal/slices/slices.go:22.27,23.16 1 0
github.com/number571/hidden-lake/internal/slices/slices.go:23.16,25.4 1 0
github.com/number571/hidden-lake/internal/slices/slices.go:27.2,27.14 1 0
github.com/number571/hidden-lake/test/utils/testutils.go:9.42,12.26 3 0
github.com/number571/hidden-lake/test/utils/testutils.go:12.26,14.3 1 0
github.com/number571/hidden-lake/test/utils/testutils.go:15.2,15.15 1 0
github.com/number571/hidden-lake/test/utils/testutils.go:18.57,20.25 2 0
github.com/number571/hidden-lake/test/utils/testutils.go:20.25,22.29 2 0
github.com/number571/hidden-lake/test/utils/testutils.go:22.29,24.12 2 0
github.com/number571/hidden-lake/test/utils/testutils.go:26.3,26.13 1 0
github.com/number571/hidden-lake/test/utils/testutils.go:28.2,28.15 1 0
github.com/number571/hidden-lake/examples/encryptor/client_hle/main.go:21.13,24.23 2 0
github.com/number571/hidden-lake/examples/encryptor/client_hle/main.go:24.23,25.29 1 0
github.com/number571/hidden-lake/examples/encryptor/client_hle/main.go:28.2,41.20 3 0
github.com/number571/hidden-lake/examples/encryptor/client_hle/main.go:42.22,44.17 2 0
github.com/number571/hidden-lake/examples/encryptor/client_hle/main.go:44.17,45.14 1 0
github.com/number571/hidden-lake/examples/encryptor/client_hle/main.go:48.3,54.17 3 0
github.com/number571/hidden-lake/examples/encryptor/client_hle/main.go:54.17,55.14 1 0
github.com/number571/hidden-lake/examples/encryptor/client_hle/main.go:58.3,58.33 1 0
github.com/number571/hidden-lake/examples/encryptor/client_hle/main.go:59.22,61.17 2 0
github.com/number571/hidden-lake/examples/encryptor/client_hle/main.go:61.17,62.14 1 0
github.com/number571/hidden-lake/examples/encryptor/client_hle/main.go:65.3,66.17 2 0
github.com/number571/hidden-lake/examples/encryptor/client_hle/main.go:66.17,67.14 1 0
github.com/number571/hidden-lake/examples/encryptor/client_hle/main.go:70.3,70.54 1 0
github.com/number571/hidden-lake/examples/encryptor/client_hle/main.go:70.54,71.31 1 0
github.com/number571/hidden-lake/examples/encryptor/client_hle/main.go:74.3,74.38 1 0
github.com/number571/hidden-lake/examples/encryptor/client_hle/main.go:75.10,76.24 1 0
github.com/number571/hidden-lake/examples/traffic_actions/keeper/client_hlt/main.go:28.13,44.16 5 0
github.com/number571/hidden-lake/examples/traffic_actions/keeper/client_hlt/main.go:44.16,45.13 1 0
github.com/number571/hidden-lake/examples/traffic_actions/keeper/client_hlt/main.go:48.2,51.22 3 0
github.com/number571/hidden-lake/examples/traffic_actions/keeper/client_hlt/main.go:51.22,52.27 1 0
github.com/number571/hidden-lake/examples/traffic_actions/keeper/client_hlt/main.go:55.2,58.23 3 0
github.com/number571/hidden-lake/examples/traffic_actions/keeper/client_hlt/main.go:58.23,61.21 3 0
github.com/number571/hidden-lake/examples/traffic_actions/keeper/client_hlt/main.go:61.21,62.28 1 0
github.com/number571/hidden-lake/examples/traffic_actions/keeper/client_hlt/main.go:66.2,75.17 2 0
github.com/number571/hidden-lake/examples/traffic_actions/keeper/client_hlt/main.go:76.20,77.21 1 0
github.com/number571/hidden-lake/examples/traffic_actions/keeper/client_hlt/main.go:77.21,78.32 1 0
github.com/number571/hidden-lake/examples/traffic_actions/keeper/client_hlt/main.go:81.3,85.17 2 0
github.com/number571/hidden-lake/examples/traffic_actions/keeper/client_hlt/main.go:85.17,86.14 1 0
github.com/number571/hidden-lake/examples/traffic_actions/keeper/client_hlt/main.go:89.3,94.59 2 0
github.com/number571/hidden-lake/examples/traffic_actions/keeper/client_hlt/main.go:94.59,95.14 1 0
github.com/number571/hidden-lake/examples/traffic_actions/keeper/client_hlt/main.go:98.3,98.39 1 0
github.com/number571/hidden-lake/examples/traffic_actions/keeper/client_hlt/main.go:99.19,100.21 1 0
github.com/number571/hidden-lake/examples/traffic_actions/keeper/client_hlt/main.go:100.21,101.31 1 0
github.com/number571/hidden-lake/examples/traffic_actions/keeper/client_hlt/main.go:104.3,105.17 2 0
github.com/number571/hidden-lake/examples/traffic_actions/keeper/client_hlt/main.go:105.17,106.14 1 0
github.com/number571/hidden-lake/examples/traffic_actions/keeper/client_hlt/main.go:109.3,109.65 1 0
github.com/number571/hidden-lake/examples/traffic_actions/keeper/client_hlt/main.go:109.65,110.40 1 0
github.com/number571/hidden-lake/examples/traffic_actions/keeper/client_hlt/main.go:113.3,114.17 2 0
github.com/number571/hidden-lake/examples/traffic_actions/keeper/client_hlt/main.go:114.17,115.14 1 0
github.com/number571/hidden-lake/examples/traffic_actions/keeper/client_hlt/main.go:118.3,119.17 2 0
github.com/number571/hidden-lake/examples/traffic_actions/keeper/client_hlt/main.go:119.17,120.26 1 0
github.com/number571/hidden-lake/examples/traffic_actions/keeper/client_hlt/main.go:123.3,123.32 1 0
github.com/number571/hidden-lake/examples/traffic_actions/keeper/client_hlt/main.go:123.32,124.37 1 0
github.com/number571/hidden-lake/examples/traffic_actions/keeper/client_hlt/main.go:127.3,127.81 1 0
github.com/number571/hidden-lake/examples/traffic_actions/keeper/client_hlt/main.go:127.81,128.36 1 0
github.com/number571/hidden-lake/examples/traffic_actions/keeper/client_hlt/main.go:131.3,131.37 1 0
github.com/number571/hidden-lake/examples/traffic_actions/keeper/client_hlt/main.go:132.21,133.29 1 0
github.com/number571/hidden-lake/examples/traffic_actions/keeper/client_hlt/main.go:133.29,135.18 2 0
github.com/number571/hidden-lake/examples/traffic_actions/keeper/client_hlt/main.go:135.18,137.5 1 0
github.com/number571/hidden-lake/examples/traffic_actions/keeper/client_hlt/main.go:138.4,138.38 1 0
github.com/number571/hidden-lake/examples/traffic_actions/keeper/client_hlt/main.go:140.10,141.24 1 0
github.com/number571/hidden-lake/examples/traffic_actions/keeper/prod_test/main.go:38.13,48.16 5 0
github.com/number571/hidden-lake/examples/traffic_actions/keeper/prod_test/main.go:48.16,49.13 1 0
github.com/number571/hidden-lake/examples/traffic_actions/keeper/prod_test/main.go:52.2,55.36 3 0
github.com/number571/hidden-lake/examples/traffic_actions/keeper/prod_test/main.go:55.36,76.17 4 0
github.com/number571/hidden-lake/examples/traffic_actions/keeper/prod_test/main.go:76.17,78.12 2 0
github.com/number571/hidden-lake/examples/traffic_actions/keeper/prod_test/main.go:81.3,87.59 3 0
github.com/number571/hidden-lake/examples/traffic_actions/keeper/prod_test/main.go:87.59,89.12 2 0
github.com/number571/hidden-lake/examples/traffic_actions/keeper/prod_test/main.go:92.3,93.17 2 0
github.com/number571/hidden-lake/examples/traffic_actions/keeper/prod_test/main.go:93.17,95.12 2 0
github.com/number571/hidden-lake/examples/traffic_actions/keeper/prod_test/main.go:97.3,99.58 2 0
github.com/number571/hidden-lake/examples/traffic_actions/keeper/prod_test/main.go:99.58,101.12 2 0
github.com/number571/hidden-lake/examples/traffic_actions/keeper/prod_test/main.go:104.3,104.105 1 0
github.com/number571/hidden-lake/examples/traffic_actions/loader/client_hll/main.go:44.13,46.16 2 1
github.com/number571/hidden-lake/examples/traffic_actions/loader/client_hll/main.go:46.16,47.13 1 0
github.com/number571/hidden-lake/examples/traffic_actions/loader/client_hll/main.go:49.2,49.58 1 1
github.com/number571/hidden-lake/examples/traffic_actions/loader/client_hll/main.go:52.13,66.71 4 0
github.com/number571/hidden-lake/examples/traffic_actions/loader/client_hll/main.go:66.71,67.13 1 0
github.com/number571/hidden-lake/examples/traffic_actions/loader/client_hll/main.go:70.2,77.51 2 0
github.com/number571/hidden-lake/examples/traffic_actions/loader/client_hll/main.go:77.51,78.13 1 0
github.com/number571/hidden-lake/examples/traffic_actions/loader/client_hll/main.go:81.2,83.86 2 0
github.com/number571/hidden-lake/examples/traffic_actions/loader/client_hll/main.go:83.86,84.13 1 0
github.com/number571/hidden-lake/examples/traffic_actions/loader/client_hll/main.go:87.2,87.60 1 0
github.com/number571/hidden-lake/examples/traffic_actions/loader/client_hll/main.go:90.124,102.36 3 0
github.com/number571/hidden-lake/examples/traffic_actions/loader/client_hll/main.go:102.36,107.17 2 0
github.com/number571/hidden-lake/examples/traffic_actions/loader/client_hll/main.go:107.17,109.4 1 0
github.com/number571/hidden-lake/examples/traffic_actions/loader/client_hll/main.go:111.3,115.59 2 0
github.com/number571/hidden-lake/examples/traffic_actions/loader/client_hll/main.go:115.59,117.4 1 0
github.com/number571/hidden-lake/examples/traffic_actions/loader/client_hll/main.go:119.3,119.56 1 0
github.com/number571/hidden-lake/examples/traffic_actions/loader/client_hll/main.go:122.2,122.12 1 0
github.com/number571/hidden-lake/examples/traffic_actions/loader/client_hll/main.go:125.116,138.28 4 0
github.com/number571/hidden-lake/examples/traffic_actions/loader/client_hll/main.go:138.28,140.17 2 0
github.com/number571/hidden-lake/examples/traffic_actions/loader/client_hll/main.go:140.17,141.9 1 0
github.com/number571/hidden-lake/examples/traffic_actions/loader/client_hll/main.go:143.3,143.32 1 0
github.com/number571/hidden-lake/examples/traffic_actions/loader/client_hll/main.go:146.2,146.34 1 0
github.com/number571/hidden-lake/examples/traffic_actions/loader/client_hll/main.go:146.34,147.31 1 0
github.com/number571/hidden-lake/examples/traffic_actions/loader/client_hll/main.go:147.31,149.4 1 0
github.com/number571/hidden-lake/examples/traffic_actions/loader/client_hll/main.go:152.2,152.27 1 0
github.com/number571/hidden-lake/examples/traffic_actions/loader/client_hll/main.go:152.27,154.17 2 0
github.com/number571/hidden-lake/examples/traffic_actions/loader/client_hll/main.go:154.17,156.4 1 0
github.com/number571/hidden-lake/examples/traffic_actions/loader/client_hll/main.go:158.3,158.65 1 0
github.com/number571/hidden-lake/examples/traffic_actions/loader/client_hll/main.go:158.65,160.4 1 0
github.com/number571/hidden-lake/examples/traffic_actions/loader/client_hll/main.go:162.3,163.17 2 0
github.com/number571/hidden-lake/examples/traffic_actions/loader/client_hll/main.go:163.17,165.4 1 0
github.com/number571/hidden-lake/examples/traffic_actions/loader/client_hll/main.go:167.3,167.81 1 0
github.com/number571/hidden-lake/examples/traffic_actions/loader/client_hll/main.go:167.81,169.4 1 0
github.com/number571/hidden-lake/examples/traffic_actions/loader/client_hll/main.go:171.3,172.35 2 0
github.com/number571/hidden-lake/examples/traffic_actions/loader/client_hll/main.go:172.35,174.4 1 0
github.com/number571/hidden-lake/examples/traffic_actions/loader/client_hll/main.go:176.3,176.47 1 0
github.com/number571/hidden-lake/examples/traffic_actions/loader/client_hll/main.go:176.47,178.4 1 0
github.com/number571/hidden-lake/examples/traffic_actions/loader/client_hll/main.go:181.2,181.12 1 0
github.com/number571/hidden-lake/examples/traffic_actions/loader/client_hll/main.go:183.57,185.31 2 0
github.com/number571/hidden-lake/examples/traffic_actions/loader/client_hll/main.go:185.31,186.19 1 0
github.com/number571/hidden-lake/examples/traffic_actions/loader/client_hll/main.go:186.19,188.4 1 0
github.com/number571/hidden-lake/examples/traffic_actions/loader/client_hll/main.go:190.2,190.14 1 0
github.com/number571/hidden-lake/internal/api/errors.go:11.38,13.2 1 0
github.com/number571/hidden-lake/internal/api/request.go:19.19,25.27 2 0
github.com/number571/hidden-lake/internal/api/request.go:26.14,28.15 2 0
github.com/number571/hidden-lake/internal/api/request.go:29.14,31.23 2 0
github.com/number571/hidden-lake/internal/api/request.go:32.10,34.39 2 0
github.com/number571/hidden-lake/internal/api/request.go:37.2,43.16 2 0
github.com/number571/hidden-lake/internal/api/request.go:43.16,45.3 1 0
github.com/number571/hidden-lake/internal/api/request.go:47.2,50.16 3 0
github.com/number571/hidden-lake/internal/api/request.go:50.16,52.3 1 0
github.com/number571/hidden-lake/internal/api/request.go:53.2,56.16 3 0
github.com/number571/hidden-lake/internal/api/request.go:56.16,58.3 1 0
github.com/number571/hidden-lake/internal/api/request.go:59.2,59.20 1 0
github.com/number571/hidden-lake/internal/api/request.go:62.75,64.16 2 0
github.com/number571/hidden-lake/internal/api/request.go:64.16,66.3 1 0
github.com/number571/hidden-lake/internal/api/request.go:67.2,67.45 1 0
github.com/number571/hidden-lake/internal/api/request.go:67.45,69.3 1 0
github.com/number571/hidden-lake/internal/api/request.go:70.2,70.18 1 0
github.com/number571/hidden-lake/internal/api/response.go:16.9,22.26 2 0
github.com/number571/hidden-lake/internal/api/response.go:23.14,25.16 2 0
github.com/number571/hidden-lake/internal/api/response.go:26.14,28.24 2 0
github.com/number571/hidden-lake/internal/api/response.go:29.10,31.40 2 0
github.com/number571/hidden-lake/internal/api/response.go:34.2,37.67 3 0
github.com/number571/hidden-lake/internal/api/response.go:37.67,39.3 1 0
github.com/number571/hidden-lake/internal/api/response.go:41.2,41.12 1 0
github.com/number571/hidden-lake/internal/chars/chars.go:5.46,6.23 1 0
github.com/number571/hidden-lake/internal/chars/chars.go:6.23,7.28 1 0
github.com/number571/hidden-lake/internal/chars/chars.go:7.28,9.4 1 0
github.com/number571/hidden-lake/internal/chars/chars.go:11.2,11.14 1 0
github.com/number571/hidden-lake/internal/closer/closer.go:9.47,11.29 2 0
github.com/number571/hidden-lake/internal/closer/closer.go:11.29,12.35 1 0
github.com/number571/hidden-lake/internal/closer/closer.go:12.35,14.4 1 0
github.com/number571/hidden-lake/internal/closer/closer.go:16.2,16.38 1 0
github.com/number571/hidden-lake/internal/flag/flag.go:7.56,8.27 1 0
github.com/number571/hidden-lake/internal/flag/flag.go:8.27,10.22 2 0
github.com/number571/hidden-lake/internal/flag/flag.go:10.22,12.4 1 0
github.com/number571/hidden-lake/internal/flag/flag.go:14.2,14.14 1 0
github.com/number571/hidden-lake/internal/flag/flag.go:17.64,19.27 2 0
github.com/number571/hidden-lake/internal/flag/flag.go:19.27,20.18 1 0
github.com/number571/hidden-lake/internal/flag/flag.go:20.18,22.4 1 0
github.com/number571/hidden-lake/internal/flag/flag.go:23.3,24.40 2 0
github.com/number571/hidden-lake/internal/flag/flag.go:24.40,25.12 1 0
github.com/number571/hidden-lake/internal/flag/flag.go:27.3,28.24 2 0
github.com/number571/hidden-lake/internal/flag/flag.go:28.24,30.12 2 0
github.com/number571/hidden-lake/internal/flag/flag.go:32.3,32.40 1 0
github.com/number571/hidden-lake/internal/flag/flag.go:34.2,34.17 1 0
github.com/number571/hidden-lake/internal/flag/flag.go:34.17,35.47 1 0
github.com/number571/hidden-lake/internal/flag/flag.go:37.2,37.17 1 0
github.com/number571/hidden-lake/internal/initapp/errors.go:11.38,13.2 1 0
github.com/number571/hidden-lake/internal/initapp/privkey.go:10.80,11.53 1 0
github.com/number571/hidden-lake/internal/initapp/privkey.go:11.53,13.83 2 0
github.com/number571/hidden-lake/internal/initapp/privkey.go:13.83,15.4 1 0
github.com/number571/hidden-lake/internal/initapp/privkey.go:16.3,16.22 1 0
github.com/number571/hidden-lake/internal/initapp/privkey.go:18.2,19.16 2 0
github.com/number571/hidden-lake/internal/initapp/privkey.go:19.16,21.3 1 0
github.com/number571/hidden-lake/internal/initapp/privkey.go:22.2,23.20 2 0
github.com/number571/hidden-lake/internal/initapp/privkey.go:23.20,25.3 1 0
github.com/number571/hidden-lake/internal/initapp/privkey.go:26.2,26.35 1 0
github.com/number571/hidden-lake/internal/initapp/privkey.go:26.35,28.3 1 0
github.com/number571/hidden-lake/internal/initapp/privkey.go:29.2,29.21 1 0
github.com/number571/hidden-lake/internal/language/errors.go:11.43,13.2 1 0
github.com/number571/hidden-lake/internal/language/language.go:13.47,14.28 1 0
github.com/number571/hidden-lake/internal/language/language.go:15.21,16.23 1 0
github.com/number571/hidden-lake/internal/language/language.go:17.17,18.23 1 0
github.com/number571/hidden-lake/internal/language/language.go:19.17,20.23 1 0
github.com/number571/hidden-lake/internal/language/language.go:21.10,22.31 1 0
github.com/number571/hidden-lake/internal/language/language.go:26.44,27.15 1 0
github.com/number571/hidden-lake/internal/language/language.go:28.16,29.19 1 0
github.com/number571/hidden-lake/internal/language/language.go:30.16,31.19 1 0
github.com/number571/hidden-lake/internal/language/language.go:32.16,33.19 1 0
github.com/number571/hidden-lake/internal/language/language.go:34.10,35.28 1 0
github.com/number571/hidden-lake/internal/logger/anon/log_func.go:16.35,17.45 1 0
github.com/number571/hidden-lake/internal/logger/anon/log_func.go:17.45,19.10 2 0
github.com/number571/hidden-lake/internal/logger/anon/log_func.go:19.10,20.32 1 0
github.com/number571/hidden-lake/internal/logger/anon/log_func.go:23.3,25.19 3 0
github.com/number571/hidden-lake/internal/logger/anon/log_func.go:25.19,26.33 1 0
github.com/number571/hidden-lake/internal/logger/anon/log_func.go:29.3,30.10 2 0
github.com/number571/hidden-lake/internal/logger/anon/log_func.go:30.10,31.39 1 0
github.com/number571/hidden-lake/internal/logger/anon/log_func.go:34.3,34.39 1 0
github.com/number571/hidden-lake/internal/logger/anon/log_func.go:38.74,40.41 2 0
github.com/number571/hidden-lake/internal/logger/anon/log_func.go:40.41,42.3 1 0
github.com/number571/hidden-lake/internal/logger/anon/log_func.go:44.2,45.43 2 0
github.com/number571/hidden-lake/internal/logger/anon/log_func.go:45.43,47.3 1 0
github.com/number571/hidden-lake/internal/logger/anon/log_func.go:49.2,50.41 2 0
github.com/number571/hidden-lake/internal/logger/anon/log_func.go:50.41,52.3 1 0
github.com/number571/hidden-lake/internal/logger/anon/log_func.go:54.2,63.3 1 0
github.com/number571/hidden-lake/internal/logger/http/log_builder.go:16.67,25.2 3 0
github.com/number571/hidden-lake/internal/logger/http/log_builder.go:27.40,29.2 1 0
[...]
github.com/number571/hidden-lake/examples/encryptor/client_hle/main.go:70.3,70.54 1 0
github.com/number571/hidden-lake/examples/encryptor/client_hle/main.go:70.54,71.31 1 0
github.com/number571/hidden-lake/examples/encryptor/client_hle/main.go:74.3,74.38 1 0
github.com/number571/hidden-lake/examples/encryptor/client_hle/main.go:75.10,76.24 1 0
github.com/number571/hidden-lake/examples/traffic_actions/keeper/client_hlt/main.go:28.13,44.16 5 0
github.com/number571/hidden-lake/examples/traffic_actions/keeper/client_hlt/main.go:44.16,45.13 1 0
github.com/number571/hidden-lake/examples/traffic_actions/keeper/client_hlt/main.go:48.2,51.22 3 0
github.com/number571/hidden-lake/examples/traffic_actions/keeper/client_hlt/main.go:51.22,52.27 1 0
github.com/number571/hidden-lake/examples/traffic_actions/keeper/client_hlt/main.go:55.2,58.23 3 0
github.com/number571/hidden-lake/examples/traffic_actions/keeper/client_hlt/main.go:58.23,61.21 3 0
github.com/number571/hidden-lake/examples/traffic_actions/keeper/client_hlt/main.go:61.21,62.28 1 0
github.com/number571/hidden-lake/examples/traffic_actions/keeper/client_hlt/main.go:66.2,75.17 2 0
github.com/number571/hidden-lake/examples/traffic_actions/keeper/client_hlt/main.go:76.20,77.21 1 0
github.com/number571/hidden-lake/examples/traffic_actions/keeper/client_hlt/main.go:77.21,78.32 1 0
github.com/number571/hidden-lake/examples/traffic_actions/keeper/client_hlt/main.go:81.3,85.17 2 0
github.com/number571/hidden-lake/examples/traffic_actions/keeper/client_hlt/main.go:85.17,86.14 1 0
github.com/number571/hidden-lake/examples/traffic_actions/keeper/client_hlt/main.go:89.3,94.59 2 0
github.com/number571/hidden-lake/examples/traffic_actions/keeper/client_hlt/main.go:94.59,95.14 1 0
github.com/number571/hidden-lake/examples/traffic_actions/keeper/client_hlt/main.go:98.3,98.39 1 0
github.com/number571/hidden-lake/examples/traffic_actions/keeper/client_hlt/main.go:99.19,100.21 1 0
github.com/number571/hidden-lake/examples/traffic_actions/keeper/client_hlt/main.go:100.21,101.31 1 0
github.com/number571/hidden-lake/examples/traffic_actions/keeper/client_hlt/main.go:104.3,105.17 2 0
github.com/number571/hidden-lake/examples/traffic_actions/keeper/client_hlt/main.go:105.17,106.14 1 0
github.com/number571/hidden-lake/examples/traffic_actions/keeper/client_hlt/main.go:109.3,109.65 1 0
github.com/number571/hidden-lake/examples/traffic_actions/keeper/client_hlt/main.go:109.65,110.40 1 0
github.com/number571/hidden-lake/examples/traffic_actions/keeper/client_hlt/main.go:113.3,114.17 2 0
github.com/number571/hidden-lake/examples/traffic_actions/keeper/client_hlt/main.go:114.17,115.14 1 0
github.com/number571/hidden-lake/examples/traffic_actions/keeper/client_hlt/main.go:118.3,119.17 2 0
github.com/number571/hidden-lake/examples/traffic_actions/keeper/client_hlt/main.go:119.17,120.26 1 0
github.com/number571/hidden-lake/examples/traffic_actions/keeper/client_hlt/main.go:123.3,123.32 1 0
github.com/number571/hidden-lake/examples/traffic_actions/keeper/client_hlt/main.go:123.32,124.37 1 0
github.com/number571/hidden-lake/examples/traffic_actions/keeper/client_hlt/main.go:127.3,127.81 1 0
github.com/number571/hidden-lake/examples/traffic_actions/keeper/client_hlt/main.go:127.81,128.36 1 0
github.com/number571/hidden-lake/examples/traffic_actions/keeper/client_hlt/main.go:131.3,131.37 1 0
github.com/number571/hidden-lake/examples/traffic_actions/keeper/client_hlt/main.go:132.21,133.29 1 0
github.com/number571/hidden-lake/examples/traffic_actions/keeper/client_hlt/main.go:133.29,135.18 2 0
github.com/number571/hidden-lake/examples/traffic_actions/keeper/client_hlt/main.go:135.18,137.5 1 0
github.com/number571/hidden-lake/examples/traffic_actions/keeper/client_hlt/main.go:138.4,138.38 1 0
github.com/number571/hidden-lake/examples/traffic_actions/keeper/client_hlt/main.go:140.10,141.24 1 0
github.com/number571/hidden-lake/examples/traffic_actions/keeper/prod_test/main.go:38.13,48.16 5 0
github.com/number571/hidden-lake/examples/traffic_actions/keeper/prod_test/main.go:48.16,49.13 1 0
github.com/number571/hidden-lake/examples/traffic_actions/keeper/prod_test/main.go:52.2,55.36 3 0
github.com/number571/hidden-lake/examples/traffic_actions/keeper/prod_test/main.go:55.36,76.17 4 0
github.com/number571/hidden-lake/examples/traffic_actions/keeper/prod_test/main.go:76.17,78.12 2 0
github.com/number571/hidden-lake/examples/traffic_actions/keeper/prod_test/main.go:81.3,87.59 3 0
github.com/number571/hidden-lake/examples/traffic_actions/keeper/prod_test/main.go:87.59,89.12 2 0
github.com/number571/hidden-lake/examples/traffic_actions/keeper/prod_test/main.go:92.3,93.17 2 0
github.com/number571/hidden-lake/examples/traffic_actions/keeper/prod_test/main.go:93.17,95.12 2 0
github.com/number571/hidden-lake/examples/traffic_actions/keeper/prod_test/main.go:97.3,99.58 2 0
github.com/number571/hidden-lake/examples/traffic_actions/keeper/prod_test/main.go:99.58,101.12 2 0
github.com/number571/hidden-lake/examples/traffic_actions/keeper/prod_test/main.go:104.3,104.105 1 0
github.com/number571/hidden-lake/examples/traffic_actions/loader/client_hll/main.go:44.13,46.16 2 0
github.com/number571/hidden-lake/examples/traffic_actions/loader/client_hll/main.go:46.16,47.13 1 0
github.com/number571/hidden-lake/examples/traffic_actions/loader/client_hll/main.go:49.2,49.58 1 0
github.com/number571/hidden-lake/examples/traffic_actions/loader/client_hll/main.go:52.13,66.71 4 0
github.com/number571/hidden-lake/examples/traffic_actions/loader/client_hll/main.go:66.71,67.13 1 0
github.com/number571/hidden-lake/examples/traffic_actions/loader/client_hll/main.go:70.2,77.51 2 0
github.com/number571/hidden-lake/examples/traffic_actions/loader/client_hll/main.go:77.51,78.13 1 0
github.com/number571/hidden-lake/examples/traffic_actions/loader/client_hll/main.go:81.2,83.86 2 0
github.com/number571/hidden-lake/examples/traffic_actions/loader/client_hll/main.go:83.86,84.13 1 0
github.com/number571/hidden-lake/examples/traffic_actions/loader/client_hll/main.go:87.2,87.60 1 0
github.com/number571/hidden-lake/examples/traffic_actions/loader/client_hll/main.go:90.124,102.36 3 0
github.com/number571/hidden-lake/examples/traffic_actions/loader/client_hll/main.go:102.36,107.17 2 0
github.com/number571/hidden-lake/examples/traffic_actions/loader/client_hll/main.go:107.17,109.4 1 0
github.com/number571/hidden-lake/examples/traffic_actions/loader/client_hll/main.go:111.3,115.59 2 0
github.com/number571/hidden-lake/examples/traffic_actions/loader/client_hll/main.go:115.59,117.4 1 0
github.com/number571/hidden-lake/examples/traffic_actions/loader/client_hll/main.go:119.3,119.56 1 0
github.com/number571/hidden-lake/examples/traffic_actions/loader/client_hll/main.go:122.2,122.12 1 0
github.com/number571/hidden-lake/examples/traffic_actions/loader/client_hll/main.go:125.116,138.28 4 0
github.com/number571/hidden-lake/examples/traffic_actions/loader/client_hll/main.go:138.28,140.17 2 0
github.com/number571/hidden-lake/examples/traffic_actions/loader/client_hll/main.go:140.17,141.9 1 0
github.com/number571/hidden-lake/examples/traffic_actions/loader/client_hll/main.go:143.3,143.32 1 0
github.com/number571/hidden-lake/examples/traffic_actions/loader/client_hll/main.go:146.2,146.34 1 0
github.com/number571/hidden-lake/examples/traffic_actions/loader/client_hll/main.go:146.34,147.31 1 0
github.com/number571/hidden-lake/examples/traffic_actions/loader/client_hll/main.go:147.31,149.4 1 0
github.com/number571/hidden-lake/examples/traffic_actions/loader/client_hll/main.go:152.2,152.27 1 0
github.com/number571/hidden-lake/examples/traffic_actions/loader/client_hll/main.go:152.27,154.17 2 0
github.com/number571/hidden-lake/examples/traffic_actions/loader/client_hll/main.go:154.17,156.4 1 0
github.com/number571/hidden-lake/examples/traffic_actions/loader/client_hll/main.go:158.3,158.65 1 0
github.com/number571/hidden-lake/examples/traffic_actions/loader/client_hll/main.go:158.65,160.4 1 0
github.com/number571/hidden-lake/examples/traffic_actions/loader/client_hll/main.go:162.3,163.17 2 0
github.com/number571/hidden-lake/examples/traffic_actions/loader/client_hll/main.go:163.17,165.4 1 0
github.com/number571/hidden-lake/examples/traffic_actions/loader/client_hll/main.go:167.3,167.81 1 0
github.com/number571/hidden-lake/examples/traffic_actions/loader/client_hll/main.go:167.81,169.4 1 0
github.com/number571/hidden-lake/examples/traffic_actions/loader/client_hll/main.go:171.3,172.35 2 0
github.com/number571/hidden-lake/examples/traffic_actions/loader/client_hll/main.go:172.35,174.4 1 0
github.com/number571/hidden-lake/examples/traffic_actions/loader/client_hll/main.go:176.3,176.47 1 0
github.com/number571/hidden-lake/examples/traffic_actions/loader/client_hll/main.go:176.47,178.4 1 0
github.com/number571/hidden-lake/examples/traffic_actions/loader/client_hll/main.go:181.2,181.12 1 0
github.com/number571/hidden-lake/examples/traffic_actions/loader/client_hll/main.go:183.57,185.31 2 0
github.com/number571/hidden-lake/examples/traffic_actions/loader/client_hll/main.go:185.31,186.19 1 0
github.com/number571/hidden-lake/examples/traffic_actions/loader/client_hll/main.go:186.19,188.4 1 0
github.com/number571/hidden-lake/examples/traffic_actions/loader/client_hll/main.go:190.2,190.14 1 0
github.com/number571/hidden-lake/internal/api/errors.go:11.38,13.2 1 1
github.com/number571/hidden-lake/internal/api/request.go:19.19,25.27 2 1
github.com/number571/hidden-lake/internal/api/request.go:26.14,28.15 2 1
github.com/number571/hidden-lake/internal/api/request.go:29.14,31.23 2 1
github.com/number571/hidden-lake/internal/api/request.go:32.10,34.39 2 1
github.com/number571/hidden-lake/internal/api/request.go:37.2,43.16 2 1
github.com/number571/hidden-lake/internal/api/request.go:43.16,45.3 1 1
github.com/number571/hidden-lake/internal/api/request.go:47.2,50.16 3 1
github.com/number571/hidden-lake/internal/api/request.go:50.16,52.3 1 1
github.com/number571/hidden-lake/internal/api/request.go:53.2,56.16 3 1
github.com/number571/hidden-lake/internal/api/request.go:56.16,58.3 1 1
github.com/number571/hidden-lake/internal/api/request.go:59.2,59.20 1 1
github.com/number571/hidden-lake/internal/api/request.go:62.75,64.16 2 1
github.com/number571/hidden-lake/internal/api/request.go:64.16,66.3 1 1
github.com/number571/hidden-lake/internal/api/request.go:67.2,67.45 1 1
github.com/number571/hidden-lake/internal/api/request.go:67.45,69.3 1 1
github.com/number571/hidden-lake/internal/api/request.go:70.2,70.18 1 1
github.com/number571/hidden-lake/internal/api/response.go:16.9,22.26 2 1
github.com/number571/hidden-lake/internal/api/response.go:23.14,25.16 2 1
github.com/number571/hidden-lake/internal/api/response.go:26.14,28.24 2 1
github.com/number571/hidden-lake/internal/api/response.go:29.10,31.40 2 1
github.com/number571/hidden-lake/internal/api/response.go:34.2,37.67 3 1
github.com/number571/hidden-lake/internal/api/response.go:37.67,39.3 1 1
github.com/number571/hidden-lake/internal/api/response.go:41.2,41.12 1 1
github.com/number571/hidden-lake/internal/chars/chars.go:5.46,6.23 1 0
github.com/number571/hidden-lake/internal/chars/chars.go:6.23,7.28 1 0
github.com/number571/hidden-lake/internal/chars/chars.go:7.28,9.4 1 0
github.com/number571/hidden-lake/internal/chars/chars.go:11.2,11.14 1 0
github.com/number571/hidden-lake/internal/closer/closer.go:9.47,11.29 2 0
github.com/number571/hidden-lake/internal/closer/closer.go:11.29,12.35 1 0
github.com/number571/hidden-lake/internal/closer/closer.go:12.35,14.4 1 0
github.com/number571/hidden-lake/internal/closer/closer.go:16.2,16.38 1 0
github.com/number571/hidden-lake/internal/flag/flag.go:7.56,8.27 1 0
github.com/number571/hidden-lake/internal/flag/flag.go:8.27,10.22 2 0
github.com/number571/hidden-lake/internal/flag/flag.go:10.22,12.4 1 0
github.com/number571/hidden-lake/internal/flag/flag.go:14.2,14.14 1 0
github.com/number571/hidden-lake/internal/flag/flag.go:17.64,19.27 2 0
github.com/number571/hidden-lake/internal/flag/flag.go:19.27,20.18 1 0
github.com/number571/hidden-lake/internal/flag/flag.go:20.18,22.4 1 0
github.com/number571/hidden-lake/internal/flag/flag.go:23.3,24.40 2 0
github.com/number571/hidden-lake/internal/flag/flag.go:24.40,25.12 1 0
github.com/number571/hidden-lake/internal/flag/flag.go:27.3,28.24 2 0
github.com/number571/hidden-lake/internal/flag/flag.go:28.24,30.12 2 0
github.com/number571/hidden-lake/internal/flag/flag.go:32.3,32.40 1 0
github.com/number571/hidden-lake/internal/flag/flag.go:34.2,34.17 1 0
github.com/number571/hidden-lake/internal/flag/flag.go:34.17,35.47 1 0
github.com/number571/hidden-lake/internal/flag/flag.go:37.2,37.17 1 0
github.com/number571/hidden-lake/internal/initapp/errors.go:11.38,13.2 1 0
github.com/number571/hidden-lake/internal/initapp/privkey.go:10.80,11.53 1 0
github.com/number571/hidden-lake/internal/initapp/privkey.go:11.53,13.83 2 0
github.com/number571/hidden-lake/internal/initapp/privkey.go:13.83,15.4 1 0
github.com/number571/hidden-lake/internal/initapp/privkey.go:16.3,16.22 1 0
github.com/number571/hidden-lake/internal/initapp/privkey.go:18.2,19.16 2 0
github.com/number571/hidden-lake/internal/initapp/privkey.go:19.16,21.3 1 0
github.com/number571/hidden-lake/internal/initapp/privkey.go:22.2,23.20 2 0
github.com/number571/hidden-lake/internal/initapp/privkey.go:23.20,25.3 1 0
github.com/number571/hidden-lake/internal/initapp/privkey.go:26.2,26.35 1 0
github.com/number571/hidden-lake/internal/initapp/privkey.go:26.35,28.3 1 0
github.com/number571/hidden-lake/internal/initapp/privkey.go:29.2,29.21 1 0
github.com/number571/hidden-lake/internal/language/errors.go:11.43,13.2 1 0
github.com/number571/hidden-lake/internal/language/language.go:13.47,14.28 1 0
github.com/number571/hidden-lake/internal/language/language.go:15.21,16.23 1 0
github.com/number571/hidden-lake/internal/language/language.go:17.17,18.23 1 0
github.com/number571/hidden-lake/internal/language/language.go:19.17,20.23 1 0
github.com/number571/hidden-lake/internal/language/language.go:21.10,22.31 1 0
github.com/number571/hidden-lake/internal/language/language.go:26.44,27.15 1 0
github.com/number571/hidden-lake/internal/language/language.go:28.16,29.19 1 0
github.com/number571/hidden-lake/internal/language/language.go:30.16,31.19 1 0
github.com/number571/hidden-lake/internal/language/language.go:32.16,33.19 1 0
github.com/number571/hidden-lake/internal/language/language.go:34.10,35.28 1 0
github.com/number571/hidden-lake/internal/logger/anon/log_func.go:16.35,17.45 1 0
github.com/number571/hidden-lake/internal/logger/anon/log_func.go:17.45,19.10 2 0
github.com/number571/hidden-lake/internal/logger/anon/log_func.go:19.10,20.32 1 0
github.com/number571/hidden-lake/internal/logger/anon/log_func.go:23.3,25.19 3 0
github.com/number571/hidden-lake/internal/logger/anon/log_func.go:25.19,26.33 1 0
github.com/number571/hidden-lake/internal/logger/anon/log_func.go:29.3,30.10 2 0
github.com/number571/hidden-lake/internal/logger/anon/log_func.go:30.10,31.39 1 0
github.com/number571/hidden-lake/internal/logger/anon/log_func.go:34.3,34.39 1 0
github.com/number571/hidden-lake/internal/logger/anon/log_func.go:38.74,40.41 2 0
github.com/number571/hidden-lake/internal/logger/anon/log_func.go:40.41,42.3 1 0
github.com/number571/hidden-lake/internal/logger/anon/log_func.go:44.2,45.43 2 0
github.com/number571/hidden-lake/internal/logger/anon/log_func.go:45.43,47.3 1 0
github.com/number571/hidden-lake/internal/logger/anon/log_func.go:49.2,50.41 2 0
github.com/number571/hidden-lake/internal/logger/anon/log_func.go:50.41,52.3 1 0
github.com/number571/hidden-lake/internal/logger/anon/log_func.go:54.2,63.3 1 0
github.com/number571/hidden-lake/internal/logger/http/log_builder.go:16.67,25.2 3 0
github.com/number571/hidden-lake/internal/logger/http/log_builder.go:27.40,29.2 1 0
github.com/number571/hidden-lake/internal/logger/http/log_builder.go:31.60,34.2 2 0
github.com/number571/hidden-lake/internal/logger/http/log_func.go:13.35,14.45 1 0
github.com/number571/hidden-lake/internal/logger/http/log_func.go:14.45,16.10 2 0
github.com/number571/hidden-lake/internal/logger/http/log_func.go:16.10,17.32 1 0
github.com/number571/hidden-lake/internal/logger/http/log_func.go:20.3,28.4 2 0
github.com/number571/hidden-lake/internal/logger/http/log_getter.go:7.57,11.2 1 0
github.com/number571/hidden-lake/internal/logger/http/log_getter.go:13.42,15.2 1 0
github.com/number571/hidden-lake/internal/logger/http/log_getter.go:17.39,19.2 1 0
github.com/number571/hidden-lake/internal/logger/http/log_getter.go:21.41,23.2 1 0
github.com/number571/hidden-lake/internal/logger/http/log_getter.go:25.39,27.2 1 0
github.com/number571/hidden-lake/internal/logger/http/log_getter.go:29.42,31.2 1 0
github.com/number571/hidden-lake/internal/logger/std/errors.go:11.38,13.2 1 0
github.com/number571/hidden-lake/internal/logger/std/log_func.go:7.35,8.45 1 0
github.com/number571/hidden-lake/internal/logger/std/log_func.go:8.45,10.10 2 0
github.com/number571/hidden-lake/internal/logger/std/log_func.go:10.10,11.32 1 0
github.com/number571/hidden-lake/internal/logger/std/log_func.go:13.3,13.13 1 0
github.com/number571/hidden-lake/internal/logger/std/logging.go:9.55,18.29 3 0
github.com/number571/hidden-lake/internal/logger/std/logging.go:18.29,20.10 2 0
github.com/number571/hidden-lake/internal/logger/std/logging.go:20.10,22.4 1 0
github.com/number571/hidden-lake/internal/logger/std/logging.go:23.3,23.26 1 0
github.com/number571/hidden-lake/internal/logger/std/logging.go:26.2,26.21 1 0
github.com/number571/hidden-lake/internal/logger/std/logging.go:29.34,31.2 1 0
github.com/number571/hidden-lake/internal/logger/std/logging.go:33.34,35.2 1 0
github.com/number571/hidden-lake/internal/logger/std/logging.go:37.34,39.2 1 0
github.com/number571/hidden-lake/internal/logger/std/std_logger.go:9.79,14.2 1 0
github.com/number571/hidden-lake/internal/logger/std/std_logger.go:16.54,18.24 2 0
github.com/number571/hidden-lake/internal/logger/std/std_logger.go:18.24,20.3 1 0
github.com/number571/hidden-lake/internal/logger/std/std_logger.go:21.2,21.24 1 0
github.com/number571/hidden-lake/internal/logger/std/std_logger.go:21.24,23.3 1 0
github.com/number571/hidden-lake/internal/logger/std/std_logger.go:24.2,24.24 1 0
github.com/number571/hidden-lake/internal/logger/std/std_logger.go:24.24,26.3 1 0
github.com/number571/hidden-lake/internal/logger/std/std_logger.go:27.2,27.33 1 0
github.com/number571/hidden-lake/internal/pprof/pprof.go:10.50,26.2 8 0
github.com/number571/hidden-lake/internal/slices/slices.go:3.63,4.30 1 0
github.com/number571/hidden-lake/internal/slices/slices.go:4.30,6.3 1 0
github.com/number571/hidden-lake/internal/slices/slices.go:7.2,7.29 1 0
github.com/number571/hidden-lake/internal/slices/slices.go:10.61,12.27 2 0
github.com/number571/hidden-lake/internal/slices/slices.go:12.27,13.16 1 0
github.com/number571/hidden-lake/internal/slices/slices.go:13.16,14.12 1 0
github.com/number571/hidden-lake/internal/slices/slices.go:16.3,16.29 1 0
github.com/number571/hidden-lake/internal/slices/slices.go:18.2,18.15 1 0
github.com/number571/hidden-lake/internal/slices/slices.go:21.52,22.27 1 0
github.com/number571/hidden-lake/internal/slices/slices.go:22.27,23.16 1 0
github.com/number571/hidden-lake/internal/slices/slices.go:23.16,25.4 1 0
github.com/number571/hidden-lake/internal/slices/slices.go:27.2,27.14 1 0
github.com/number571/hidden-lake/test/utils/testutils.go:9.42,12.26 3 0
github.com/number571/hidden-lake/test/utils/testutils.go:12.26,14.3 1 0
github.com/number571/hidden-lake/test/utils/testutils.go:15.2,15.15 1 0
github.com/number571/hidden-lake/test/utils/testutils.go:18.57,20.25 2 0
github.com/number571/hidden-lake/test/utils/testutils.go:20.25,22.29 2 0
github.com/number571/hidden-lake/test/utils/testutils.go:22.29,24.12 2 0
github.com/number571/hidden-lake/test/utils/testutils.go:26.3,26.13 1 0
github.com/number571/hidden-lake/test/utils/testutils.go:28.2,28.15 1 0
